2025-03-06 19:31:06,780 [background-preinit] INFO  o.h.validator.internal.util.Version - HV000001: Hibernate Validator 8.0.1.Final
2025-03-06 19:31:06,902 [main] INFO  o.t.s.ThingsboardServerApplication - Starting ThingsboardServerApplication v3.8.1 using Java 17.0.12 with PID 22 (/usr/share/thingsboard/bin/thingsboard.jar started by thingsboard in /)
2025-03-06 19:31:06,904 [main] INFO  o.t.s.ThingsboardServerApplication - No active profile set, falling back to 1 default profile: "default"
2025-03-06 19:31:07,349 [main] WARN  o.s.c.a.AnnotationTypeMapping - Support for convention-based annotation attribute overrides is deprecated and will be removed in Spring Framework 6.2. Please annotate the following attributes in @org.thingsboard.server.config.annotations.ApiOperation with appropriate @AliasFor declarations: [hidden, requestBody, responses]
2025-03-06 19:31:10,005 [main] INFO  o.s.d.r.c.RepositoryConfigurationDelegate - Multiple Spring Data modules found, entering strict repository configuration mode
2025-03-06 19:31:10,006 [main] INFO  o.s.d.r.c.RepositoryConfigurationDelegate - Bootstrapping Spring Data JPA repositories in LAZY mode.
2025-03-06 19:31:10,206 [main] INFO  o.s.d.r.c.RepositoryConfigurationDelegate - Finished Spring Data repository scanning in 170 ms. Found 1 JPA repository interface.
2025-03-06 19:31:10,209 [main] INFO  o.s.d.r.c.RepositoryConfigurationDelegate - Multiple Spring Data modules found, entering strict repository configuration mode
2025-03-06 19:31:10,209 [main] INFO  o.s.d.r.c.RepositoryConfigurationDelegate - Bootstrapping Spring Data JPA repositories in LAZY mode.
2025-03-06 19:31:10,235 [main] INFO  o.s.d.r.c.RepositoryConfigurationDelegate - Finished Spring Data repository scanning in 25 ms. Found 6 JPA repository interfaces.
2025-03-06 19:31:10,237 [main] INFO  o.s.d.r.c.RepositoryConfigurationDelegate - Multiple Spring Data modules found, entering strict repository configuration mode
2025-03-06 19:31:10,237 [main] INFO  o.s.d.r.c.RepositoryConfigurationDelegate - Bootstrapping Spring Data JPA repositories in LAZY mode.
2025-03-06 19:31:10,247 [main] INFO  o.s.d.r.c.RepositoryConfigurationDelegate - Finished Spring Data repository scanning in 8 ms. Found 1 JPA repository interface.
2025-03-06 19:31:10,247 [main] INFO  o.s.d.r.c.RepositoryConfigurationDelegate - Multiple Spring Data modules found, entering strict repository configuration mode
2025-03-06 19:31:10,248 [main] INFO  o.s.d.r.c.RepositoryConfigurationDelegate - Bootstrapping Spring Data JPA repositories in LAZY mode.
2025-03-06 19:31:10,419 [main] INFO  o.s.d.r.c.RepositoryConfigurationDelegate - Finished Spring Data repository scanning in 170 ms. Found 52 JPA repository interfaces.
2025-03-06 19:31:11,166 [main] INFO  o.s.i.c.DefaultConfiguringBeanFactoryPostProcessor - No bean named 'errorChannel' has been explicitly defined. Therefore, a default PublishSubscribeChannel will be created.
2025-03-06 19:31:11,209 [main] INFO  o.s.i.c.DefaultConfiguringBeanFactoryPostProcessor - No bean named 'integrationHeaderChannelRegistry' has been explicitly defined. Therefore, a default DefaultHeaderChannelRegistry will be created.
2025-03-06 19:31:12,172 [main] INFO  o.t.s.q.d.DefaultTbServiceInfoProvider - Current Service ID: 1f162169a137
2025-03-06 19:31:13,643 [main] INFO  o.h.jpa.internal.util.LogHelper - HHH000204: Processing PersistenceUnitInfo [name: default]
2025-03-06 19:31:13,750 [main] INFO  org.hibernate.Version - HHH000412: Hibernate ORM core version 6.4.4.Final
2025-03-06 19:31:13,802 [main] INFO  o.h.c.i.RegionFactoryInitiator - HHH000026: Second-level cache disabled
2025-03-06 19:31:13,948 [main] INFO  com.zaxxer.hikari.HikariDataSource - HikariPool-1 - Starting...
2025-03-06 19:31:14,431 [main] INFO  com.zaxxer.hikari.pool.HikariPool - HikariPool-1 - Added connection org.postgresql.jdbc.PgConnection@3b086139
2025-03-06 19:31:14,434 [main] INFO  com.zaxxer.hikari.HikariDataSource - HikariPool-1 - Start completed.
2025-03-06 19:31:15,041 [main] INFO  o.s.o.j.p.SpringPersistenceUnitInfo - No LoadTimeWeaver setup: ignoring JPA class transformer
2025-03-06 19:31:17,086 [main] INFO  o.h.e.t.j.p.i.JtaPlatformInitiator - HHH000489: No JTA platform available (set 'hibernate.transaction.jta.platform' to enable JTA platform integration)
2025-03-06 19:31:17,106 [main] INFO  o.s.o.j.LocalContainerEntityManagerFactoryBean - Initialized JPA EntityManagerFactory for persistence unit 'default'
2025-03-06 19:31:18,691 [main] INFO  o.s.d.j.r.query.QueryEnhancerFactory - Hibernate is in classpath; If applicable, HQL parser will be used.
2025-03-06 19:31:20,266 [main] INFO  o.s.b.w.e.tomcat.TomcatWebServer - Tomcat initialized with port 9090 (http)
2025-03-06 19:31:20,286 [main] INFO  o.a.coyote.http11.Http11NioProtocol - The ["http-nio-0.0.0.0-9090"] connector has been configured to support HTTP upgrade to [h2c]
2025-03-06 19:31:20,288 [main] INFO  o.a.coyote.http11.Http11NioProtocol - Initializing ProtocolHandler ["http-nio-0.0.0.0-9090"]
2025-03-06 19:31:20,292 [main] INFO  o.a.catalina.core.StandardService - Starting service [Tomcat]
2025-03-06 19:31:20,293 [main] INFO  o.a.catalina.core.StandardEngine - Starting Servlet engine: [Apache Tomcat/10.1.19]
2025-03-06 19:31:20,349 [main] INFO  o.a.c.c.C.[Tomcat].[localhost].[/] - Initializing Spring embedded WebApplicationContext
2025-03-06 19:31:20,350 [main] INFO  o.s.b.w.s.c.ServletWebServerApplicationContext - Root WebApplicationContext: initialization completed in 13336 ms
2025-03-06 19:31:20,595 [main] INFO  o.t.s.d.a.CachedAttributesService - Going to use directExecutor for the local cache type caffeine
2025-03-06 19:31:21,312 [main] INFO  o.t.s.s.a.DefaultTbApiUsageStateService - Starting api usage service.
2025-03-06 19:31:21,322 [main] INFO  o.t.s.s.a.DefaultTbApiUsageStateService - Started api usage service.
2025-03-06 19:31:23,147 [main] INFO  o.t.s.t.h.config.PayloadSizeFilter - Initialized payload size filter with configuration: /api/image*/**=52428800;/api/resource/**=52428800;/api/**=16777216
2025-03-06 19:31:23,217 [main] INFO  o.t.s.t.h.config.PayloadSizeFilter - Initialized payload size filter with configuration: /api/v1/*/rpc/**=65536;/api/v1/**=52428800
2025-03-06 19:31:23,835 [main] INFO  o.t.s.q.e.EnvironmentLogService - ThingsBoard server environment: zookeeper.version=3.9.2-e454e8c7283100c7caec6dcae2bc82aaecb63023, built on 2024-02-12 20:59 UTC
2025-03-06 19:31:23,836 [main] INFO  o.t.s.q.e.EnvironmentLogService - ThingsBoard server environment: host.name=1f162169a137
2025-03-06 19:31:23,836 [main] INFO  o.t.s.q.e.EnvironmentLogService - ThingsBoard server environment: java.version=17.0.12
2025-03-06 19:31:23,836 [main] INFO  o.t.s.q.e.EnvironmentLogService - ThingsBoard server environment: java.vendor=Debian
2025-03-06 19:31:23,836 [main] INFO  o.t.s.q.e.EnvironmentLogService - ThingsBoard server environment: java.home=/usr/lib/jvm/java-17-openjdk-amd64
2025-03-06 19:31:23,837 [main] INFO  o.t.s.q.e.EnvironmentLogService - ThingsBoard server environment: java.class.path=/usr/share/thingsboard/bin/thingsboard.jar
2025-03-06 19:31:23,837 [main] INFO  o.t.s.q.e.EnvironmentLogService - ThingsBoard server environment: java.library.path=/usr/java/packages/lib:/usr/lib/x86_64-linux-gnu/jni:/lib/x86_64-linux-gnu:/usr/lib/x86_64-linux-gnu:/usr/lib/jni:/lib:/usr/lib
2025-03-06 19:31:23,837 [main] INFO  o.t.s.q.e.EnvironmentLogService - ThingsBoard server environment: java.io.tmpdir=/tmp
2025-03-06 19:31:23,838 [main] INFO  o.t.s.q.e.EnvironmentLogService - ThingsBoard server environment: java.compiler=<NA>
2025-03-06 19:31:23,838 [main] INFO  o.t.s.q.e.EnvironmentLogService - ThingsBoard server environment: os.name=Linux
2025-03-06 19:31:23,838 [main] INFO  o.t.s.q.e.EnvironmentLogService - ThingsBoard server environment: os.arch=amd64
2025-03-06 19:31:23,838 [main] INFO  o.t.s.q.e.EnvironmentLogService - ThingsBoard server environment: os.version=5.15.167.4-microsoft-standard-WSL2
2025-03-06 19:31:23,839 [main] INFO  o.t.s.q.e.EnvironmentLogService - ThingsBoard server environment: user.name=thingsboard
2025-03-06 19:31:23,839 [main] INFO  o.t.s.q.e.EnvironmentLogService - ThingsBoard server environment: user.home=/nonexistent
2025-03-06 19:31:23,839 [main] INFO  o.t.s.q.e.EnvironmentLogService - ThingsBoard server environment: user.dir=/
2025-03-06 19:31:23,840 [main] INFO  o.t.s.q.e.EnvironmentLogService - ThingsBoard server environment: os.memory.free=126MB
2025-03-06 19:31:23,840 [main] INFO  o.t.s.q.e.EnvironmentLogService - ThingsBoard server environment: os.memory.max=2992MB
2025-03-06 19:31:23,840 [main] INFO  o.t.s.q.e.EnvironmentLogService - ThingsBoard server environment: os.memory.total=496MB
2025-03-06 19:31:23,890 [main] INFO  d.n.internal.NashornDetection - Delight-nashorn-sandbox detected that JDK Nashorn is absent and standalone Nashorn is present, and will use Standalone Nashorn
2025-03-06 19:31:24,554 [main] INFO  o.t.s.s.edge.rpc.EdgeGrpcService - Initializing Edge RPC service!
2025-03-06 19:31:24,832 [main] INFO  o.t.s.s.edge.rpc.EdgeGrpcService - Going to start Edge RPC server using port: 7070
2025-03-06 19:31:24,911 [main] INFO  o.t.s.s.edge.rpc.EdgeGrpcService - Edge RPC service initialized!
2025-03-06 19:31:25,144 [main] INFO  o.t.s.a.service.DefaultActorService - Initializing actor system.
2025-03-06 19:31:25,159 [main] INFO  o.t.s.a.service.DefaultActorService - Actor system initialized.
2025-03-06 19:31:25,523 [main] INFO  o.t.s.c.SystemInfoController - System build info: {"version":"3.8.1","artifact":"application","name":"ThingsBoard Server Application","type":"CE"}
2025-03-06 19:31:25,976 [main] INFO  o.t.s.c.t.c.ssl.SslCredentialsConfig - LWM2M Server DTLS Credentials: Skipping initialization of disabled SSL credentials.
2025-03-06 19:31:25,980 [main] INFO  o.t.s.c.t.c.ssl.SslCredentialsConfig - LWM2M Trust Credentials: Skipping initialization of disabled SSL credentials.
2025-03-06 19:31:25,988 [main] INFO  o.t.s.c.t.c.ssl.SslCredentialsConfig - LWM2M Bootstrap DTLS Credentials: Skipping initialization of disabled SSL credentials.
2025-03-06 19:31:26,074 [main] INFO  o.t.s.c.adaptor.JsonConverterConfig - JSON max string value length = 0
2025-03-06 19:31:26,075 [main] INFO  o.t.s.c.adaptor.JsonConverterConfig - JSON type cast enabled = true
2025-03-06 19:31:26,159 [main] INFO  o.t.s.t.mqtt.MqttTransportService - Setting resource leak detector level to DISABLED
2025-03-06 19:31:26,160 [main] INFO  o.t.s.t.mqtt.MqttTransportService - Starting MQTT transport...
2025-03-06 19:31:26,200 [main] INFO  o.t.s.t.mqtt.MqttTransportService - Mqtt transport started!
2025-03-06 19:31:26,259 [main] INFO  o.e.c.elements.config.Configuration - defaults added COAP.
2025-03-06 19:31:26,270 [main] INFO  o.e.c.elements.config.Configuration - defaults added UDP.
2025-03-06 19:31:26,272 [main] INFO  o.e.c.c.network.RandomTokenGenerator - using tokens of 8 bytes in length
2025-03-06 19:31:26,290 [main] INFO  org.eclipse.californium.ban - Started.
2025-03-06 19:31:26,292 [main] INFO  o.e.c.core.network.CoapEndpoint - coap CoapEndpoint uses udp context
2025-03-06 19:31:26,302 [main] INFO  o.e.c.elements.config.Configuration - defaults added SYS.
2025-03-06 19:31:26,302 [main] INFO  o.e.c.c.network.stack.BlockwiseLayer - coap BlockwiseLayer uses MAX_MESSAGE_SIZE=1024, PREFERRED_BLOCK_SIZE=1024, BLOCKWISE_STATUS_LIFETIME=300000, MAX_RESOURCE_BODY_SIZE=268435456, BLOCKWISE_STRICT_BLOCK2_OPTION=true
2025-03-06 19:31:26,310 [main] INFO  o.e.californium.core.CoapServer - Starting server
2025-03-06 19:31:26,322 [main] INFO  o.e.c.elements.UDPConnector - UDPConnector starts up 1 sender threads and 1 receiver threads
2025-03-06 19:31:26,325 [main] INFO  o.e.c.elements.UDPConnector - UDPConnector listening on /[0:0:0:0:0:0:0:0]:5683, recv buf = 106496, send buf = 106496, recv packet size = 2048
2025-03-06 19:31:26,326 [main] INFO  o.e.c.core.network.CoapEndpoint - coap Started endpoint at coap://[0:0:0:0:0:0:0:0]:5683
2025-03-06 19:31:26,329 [main] INFO  o.t.s.t.coap.CoapTransportService - Starting CoAP transport...
2025-03-06 19:31:26,334 [main] INFO  o.t.s.t.coap.CoapTransportService - CoAP transport started!
2025-03-06 19:31:26,507 [main] INFO  o.e.c.elements.util.JceProviderUtil - JCE default setup
2025-03-06 19:31:26,522 [main] INFO  o.e.c.elements.util.JceProviderUtil - RSA: true, EC: true, AES: not restricted
2025-03-06 19:31:26,527 [main] INFO  o.e.c.elements.util.JceProviderUtil - EdDSA supported by SunEC, Ed25519: true, Ed448: true
2025-03-06 19:31:26,527 [main] INFO  o.e.c.elements.util.JceProviderUtil - JCE setup: SunEC version 17, ready.
2025-03-06 19:31:26,544 [main] INFO  o.t.s.t.l.b.LwM2MTransportBootstrapService - Starting LwM2M transport bootstrap server...
2025-03-06 19:31:26,586 [main] INFO  o.e.c.elements.config.Configuration - defaults added DTLS.
2025-03-06 19:31:26,735 [main] WARN  o.e.l.s.b.LeshanBootstrapServerBuilder - configStore is set but you also provide a custom SessionManager so this store will not be used
2025-03-06 19:31:26,742 [main] INFO  o.e.c.c.network.RandomTokenGenerator - using tokens of 8 bytes in length
2025-03-06 19:31:26,743 [main] INFO  o.e.c.core.network.CoapEndpoint - [Bootstrap Server-coap://0.0.0.0:5687] CoapEndpoint uses udp context
2025-03-06 19:31:26,744 [main] INFO  o.e.c.c.network.stack.BlockwiseLayer - [Bootstrap Server-coap://0.0.0.0:5687] BlockwiseLayer uses MAX_MESSAGE_SIZE=1024, PREFERRED_BLOCK_SIZE=1024, BLOCKWISE_STATUS_LIFETIME=300000, MAX_RESOURCE_BODY_SIZE=268435456, BLOCKWISE_STRICT_BLOCK2_OPTION=true
2025-03-06 19:31:26,750 [main] INFO  o.t.s.t.l.b.LwM2MTransportBootstrapService - Unable to load X509 files for LWM2MServer
2025-03-06 19:31:26,752 [main] WARN  o.e.l.s.c.b.e.c.CoapsBootstrapServerEndpointFactory - PskStore should be automatically set by Leshan. Using a custom implementation is not advised.
2025-03-06 19:31:26,778 [main] INFO  o.e.c.s.d.InMemoryReadWriteLockConnectionStore - Created new InMemoryConnectionStore [capacity: 150000, connection expiration threshold: 1800s]
2025-03-06 19:31:26,781 [main] INFO  o.e.c.c.network.RandomTokenGenerator - using tokens of 8 bytes in length
2025-03-06 19:31:26,781 [main] INFO  o.e.c.core.network.CoapEndpoint - [Bootstrap Server-coaps://0.0.0.0:5688] CoapEndpoint uses lwm2m correlation
2025-03-06 19:31:26,782 [main] INFO  o.e.c.c.network.stack.BlockwiseLayer - [Bootstrap Server-coaps://0.0.0.0:5688] BlockwiseLayer uses MAX_MESSAGE_SIZE=1024, PREFERRED_BLOCK_SIZE=1024, BLOCKWISE_STATUS_LIFETIME=300000, MAX_RESOURCE_BODY_SIZE=268435456, BLOCKWISE_STRICT_BLOCK2_OPTION=true
2025-03-06 19:31:26,784 [main] INFO  o.e.californium.core.CoapServer - Starting server
2025-03-06 19:31:26,786 [main] INFO  o.e.c.elements.UDPConnector - UDPConnector starts up 2 sender threads and 2 receiver threads
2025-03-06 19:31:26,787 [main] INFO  o.e.c.elements.UDPConnector - UDPConnector listening on /[0:0:0:0:0:0:0:0]:5687, recv buf = 106496, send buf = 106496, recv packet size = 2048
2025-03-06 19:31:26,787 [main] INFO  o.e.c.core.network.CoapEndpoint - [Bootstrap Server-coap://0.0.0.0:5687] Started endpoint at coap://[0:0:0:0:0:0:0:0]:5687
2025-03-06 19:31:26,789 [main] INFO  o.e.c.scandium.DTLSConnector - multiple network interfaces, using smallest MTU [IPv4 1500, IPv6 1280]
2025-03-06 19:31:26,791 [DTLS-Receiver-0-/[0:0:0:0:0:0:0:0]:5688] INFO  o.e.c.scandium.DTLSConnector - Starting worker thread [DTLS-Receiver-0-/[0:0:0:0:0:0:0:0]:5688]
2025-03-06 19:31:26,791 [main] INFO  o.e.c.scandium.DTLSConnector - DTLSConnector listening on /[0:0:0:0:0:0:0:0]:5688, recv buf = 106496, send buf = 106496, recv packet size = 16490, MTU = IPv4 1500 / IPv6 1280
2025-03-06 19:31:26,792 [DTLS-Receiver-1-/[0:0:0:0:0:0:0:0]:5688] INFO  o.e.c.scandium.DTLSConnector - Starting worker thread [DTLS-Receiver-1-/[0:0:0:0:0:0:0:0]:5688]
2025-03-06 19:31:26,792 [main] INFO  o.e.c.core.network.CoapEndpoint - [Bootstrap Server-coaps://0.0.0.0:5688] Started endpoint at coaps://[0:0:0:0:0:0:0:0]:5688
2025-03-06 19:31:26,792 [main] INFO  o.e.l.s.b.LeshanBootstrapServer - Bootstrap server started.
2025-03-06 19:31:26,793 [main] INFO  o.e.l.s.b.LeshanBootstrapServer - CoAP over UDP endpoint based on Californium library available at coap://[0:0:0:0:0:0:0:0]:5687.
2025-03-06 19:31:26,794 [main] INFO  o.e.l.s.b.LeshanBootstrapServer - CoAP over DTLS endpoint based on Californium/Scandium library available at coaps://[0:0:0:0:0:0:0:0]:5688.
2025-03-06 19:31:26,796 [main] INFO  o.t.s.t.l.b.LwM2MTransportBootstrapService - Started LwM2M transport bootstrap server.
2025-03-06 19:31:26,866 [main] INFO  o.t.s.t.s.s.SnmpTransportService - SNMP transport service initialized
2025-03-06 19:31:27,296 [main] INFO  o.s.b.a.w.s.WelcomePageHandlerMapping - Adding welcome page: class path resource [public/index.html]
2025-03-06 19:31:27,698 [main] INFO  o.s.b.a.e.web.EndpointLinksResolver - Exposing 1 endpoint(s) beneath base path '/actuator'
2025-03-06 19:31:27,774 [main] INFO  o.s.s.web.DefaultSecurityFilterChain - Will secure Or [Mvc [pattern='/*.js'], Mvc [pattern='/*.css'], Mvc [pattern='/*.ico'], Mvc [pattern='/assets/**'], Mvc [pattern='/static/**']] with [org.springframework.security.web.context.request.async.WebAsyncManagerIntegrationFilter@38efcadd, org.springframework.security.web.header.HeaderWriterFilter@6cfeec31, org.springframework.web.filter.CorsFilter@1b7286a7, org.springframework.security.web.csrf.CsrfFilter@3988a1cd, org.springframework.security.web.authentication.logout.LogoutFilter@17f11e7e, org.springframework.security.web.servletapi.SecurityContextHolderAwareRequestFilter@7e260396, org.springframework.security.web.authentication.AnonymousAuthenticationFilter@472335f4, org.springframework.security.web.access.ExceptionTranslationFilter@4cbe0324, org.springframework.security.web.access.intercept.AuthorizationFilter@56291c7e]
2025-03-06 19:31:27,864 [main] INFO  o.s.s.web.DefaultSecurityFilterChain - Will secure any request with [org.springframework.security.web.session.DisableEncodeUrlFilter@3aca6405, org.springframework.security.web.context.request.async.WebAsyncManagerIntegrationFilter@4a906d2c, org.springframework.security.web.context.SecurityContextHolderFilter@21525edf, org.springframework.web.filter.CorsFilter@1b7286a7, org.springframework.security.web.authentication.logout.LogoutFilter@44c6e3f5, org.springframework.security.oauth2.client.web.OAuth2AuthorizationRequestRedirectFilter@70a1e782, org.springframework.security.oauth2.client.web.OAuth2LoginAuthenticationFilter@6dc2b112, org.thingsboard.server.service.security.auth.rest.RestLoginProcessingFilter@4c113316, org.thingsboard.server.service.security.auth.rest.RestPublicLoginProcessingFilter@3a756784, org.thingsboard.server.service.security.auth.jwt.JwtTokenAuthenticationProcessingFilter@14bc66a6, org.thingsboard.server.service.security.auth.jwt.RefreshTokenProcessingFilter@22f4eb41, org.thingsboard.server.transport.http.config.PayloadSizeFilter@58dad947, org.thingsboard.server.config.RateLimitProcessingFilter@12528701, org.springframework.security.web.savedrequest.RequestCacheAwareFilter@c0ad028, org.springframework.security.web.servletapi.SecurityContextHolderAwareRequestFilter@2f8f1684, org.springframework.security.web.authentication.AnonymousAuthenticationFilter@3ffd86b9, org.springframework.security.web.session.SessionManagementFilter@77402fb1, org.springframework.security.web.access.ExceptionTranslationFilter@5b4a09b1, org.springframework.security.web.access.intercept.AuthorizationFilter@6d0d41f4]
2025-03-06 19:31:27,870 [main] INFO  o.s.s.web.DefaultSecurityFilterChain - Will secure Ant [pattern='/api/v1/**'] with [org.springframework.security.web.session.DisableEncodeUrlFilter@3798eae1, org.springframework.security.web.context.request.async.WebAsyncManagerIntegrationFilter@1d490b2b, org.springframework.security.web.context.SecurityContextHolderFilter@5b3216b7, org.springframework.security.web.header.HeaderWriterFilter@31197769, org.springframework.web.filter.CorsFilter@1b7286a7, org.springframework.security.web.authentication.logout.LogoutFilter@5b5e24b5, org.thingsboard.server.transport.http.config.PayloadSizeFilter@764380e1, org.springframework.security.web.savedrequest.RequestCacheAwareFilter@40324819, org.springframework.security.web.servletapi.SecurityContextHolderAwareRequestFilter@6a4a9fa1, org.springframework.security.web.authentication.AnonymousAuthenticationFilter@62227920, org.springframework.security.web.access.ExceptionTranslationFilter@52ff05a3, org.springframework.security.web.access.intercept.AuthorizationFilter@37f7fc5e]
2025-03-06 19:31:29,127 [main] INFO  o.s.i.endpoint.EventDrivenConsumer - Adding {logging-channel-adapter:_org.springframework.integration.errorLogger} as a subscriber to the 'errorChannel' channel
2025-03-06 19:31:29,128 [main] INFO  o.s.i.c.PublishSubscribeChannel - Channel 'application.errorChannel' has 1 subscriber(s).
2025-03-06 19:31:29,129 [main] INFO  o.s.i.endpoint.EventDrivenConsumer - started bean '_org.springframework.integration.errorLogger'
2025-03-06 19:31:29,129 [main] INFO  o.a.coyote.http11.Http11NioProtocol - Starting ProtocolHandler ["http-nio-0.0.0.0-9090"]
2025-03-06 19:31:29,145 [main] INFO  o.s.b.w.e.tomcat.TomcatWebServer - Tomcat started on port 9090 (http) with context path ''
2025-03-06 19:31:29,181 [main] INFO  o.t.s.ThingsboardServerApplication - Started ThingsboardServerApplication in 22.888 seconds (process running for 24.137)
2025-03-06 19:31:29,182 [TB-Scheduling-2] INFO  o.t.s.c.t.s.DefaultTransportService - Transport Stats: openConnections [0]
2025-03-06 19:31:29,232 [main] INFO  o.t.s.q.c.c.QueueConsumerManager - [TB Version Control] Launching consumer
2025-03-06 19:31:29,233 [main] INFO  o.t.s.q.d.HashPartitionService - Recalculating partitions
2025-03-06 19:31:29,234 [main] INFO  o.t.s.q.d.HashPartitionService - [1f162169a137] Found common server: [TB_CORE, TB_RULE_ENGINE, TB_TRANSPORT, JS_EXECUTOR, TB_VC_EXECUTOR]
2025-03-06 19:31:29,241 [main] INFO  o.t.s.q.d.HashPartitionService - Partitions changed: 
[QK(Main,TB_CORE,system)] - [0, 1, 2, 3, 4, 5, 6, 7, 8, 9]
[QK(Edge,TB_CORE,system)] - [0, 1, 2, 3, 4, 5, 6, 7, 8, 9]
2025-03-06 19:31:29,247 [api-usage-scheduled-19-thread-1] INFO  o.t.s.s.p.AbstractPartitionBasedService - [API Usage] CURRENT PARTITIONS: []
2025-03-06 19:31:29,247 [device-state-scheduled-22-thread-1] INFO  o.t.s.s.p.AbstractPartitionBasedService - [Device State] CURRENT PARTITIONS: []
2025-03-06 19:31:29,247 [api-usage-scheduled-19-thread-1] INFO  o.t.s.s.p.AbstractPartitionBasedService - [API Usage] NEW PARTITIONS: [TopicPartitionInfo(topic=tb_core, tenantId=Optional[13814000-1dd2-11b2-8080-808080808080], partition=Optional[5], fullTopicName=tb_core.5, myPartition=true), TopicPartitionInfo(topic=tb_core, tenantId=Optional[13814000-1dd2-11b2-8080-808080808080], partition=Optional[6], fullTopicName=tb_core.6, myPartition=true), TopicPartitionInfo(topic=tb_core, tenantId=Optional[13814000-1dd2-11b2-8080-808080808080], partition=Optional[3], fullTopicName=tb_core.3, myPartition=true), TopicPartitionInfo(topic=tb_core, tenantId=Optional[13814000-1dd2-11b2-8080-808080808080], partition=Optional[4], fullTopicName=tb_core.4, myPartition=true), TopicPartitionInfo(topic=tb_core, tenantId=Optional[13814000-1dd2-11b2-8080-808080808080], partition=Optional[1], fullTopicName=tb_core.1, myPartition=true), TopicPartitionInfo(topic=tb_core, tenantId=Optional[13814000-1dd2-11b2-8080-808080808080], partition=Optional[2], fullTopicName=tb_core.2, myPartition=true), TopicPartitionInfo(topic=tb_core, tenantId=Optional[13814000-1dd2-11b2-8080-808080808080], partition=Optional[0], fullTopicName=tb_core.0, myPartition=true), TopicPartitionInfo(topic=tb_core, tenantId=Optional[13814000-1dd2-11b2-8080-808080808080], partition=Optional[9], fullTopicName=tb_core.9, myPartition=true), TopicPartitionInfo(topic=tb_core, tenantId=Optional[13814000-1dd2-11b2-8080-808080808080], partition=Optional[7], fullTopicName=tb_core.7, myPartition=true), TopicPartitionInfo(topic=tb_core, tenantId=Optional[13814000-1dd2-11b2-8080-808080808080], partition=Optional[8], fullTopicName=tb_core.8, myPartition=true)]
2025-03-06 19:31:29,248 [device-state-scheduled-22-thread-1] INFO  o.t.s.s.p.AbstractPartitionBasedService - [Device State] NEW PARTITIONS: [TopicPartitionInfo(topic=tb_core, tenantId=Optional[13814000-1dd2-11b2-8080-808080808080], partition=Optional[5], fullTopicName=tb_core.5, myPartition=true), TopicPartitionInfo(topic=tb_core, tenantId=Optional[13814000-1dd2-11b2-8080-808080808080], partition=Optional[6], fullTopicName=tb_core.6, myPartition=true), TopicPartitionInfo(topic=tb_core, tenantId=Optional[13814000-1dd2-11b2-8080-808080808080], partition=Optional[3], fullTopicName=tb_core.3, myPartition=true), TopicPartitionInfo(topic=tb_core, tenantId=Optional[13814000-1dd2-11b2-8080-808080808080], partition=Optional[4], fullTopicName=tb_core.4, myPartition=true), TopicPartitionInfo(topic=tb_core, tenantId=Optional[13814000-1dd2-11b2-8080-808080808080], partition=Optional[1], fullTopicName=tb_core.1, myPartition=true), TopicPartitionInfo(topic=tb_core, tenantId=Optional[13814000-1dd2-11b2-8080-808080808080], partition=Optional[2], fullTopicName=tb_core.2, myPartition=true), TopicPartitionInfo(topic=tb_core, tenantId=Optional[13814000-1dd2-11b2-8080-808080808080], partition=Optional[0], fullTopicName=tb_core.0, myPartition=true), TopicPartitionInfo(topic=tb_core, tenantId=Optional[13814000-1dd2-11b2-8080-808080808080], partition=Optional[9], fullTopicName=tb_core.9, myPartition=true), TopicPartitionInfo(topic=tb_core, tenantId=Optional[13814000-1dd2-11b2-8080-808080808080], partition=Optional[7], fullTopicName=tb_core.7, myPartition=true), TopicPartitionInfo(topic=tb_core, tenantId=Optional[13814000-1dd2-11b2-8080-808080808080], partition=Optional[8], fullTopicName=tb_core.8, myPartition=true)]
2025-03-06 19:31:29,250 [api-usage-scheduled-19-thread-1] INFO  o.t.s.s.p.AbstractPartitionBasedService - [API Usage] ADDED PARTITIONS: [TopicPartitionInfo(topic=tb_core, tenantId=Optional[13814000-1dd2-11b2-8080-808080808080], partition=Optional[5], fullTopicName=tb_core.5, myPartition=true), TopicPartitionInfo(topic=tb_core, tenantId=Optional[13814000-1dd2-11b2-8080-808080808080], partition=Optional[6], fullTopicName=tb_core.6, myPartition=true), TopicPartitionInfo(topic=tb_core, tenantId=Optional[13814000-1dd2-11b2-8080-808080808080], partition=Optional[3], fullTopicName=tb_core.3, myPartition=true), TopicPartitionInfo(topic=tb_core, tenantId=Optional[13814000-1dd2-11b2-8080-808080808080], partition=Optional[4], fullTopicName=tb_core.4, myPartition=true), TopicPartitionInfo(topic=tb_core, tenantId=Optional[13814000-1dd2-11b2-8080-808080808080], partition=Optional[1], fullTopicName=tb_core.1, myPartition=true), TopicPartitionInfo(topic=tb_core, tenantId=Optional[13814000-1dd2-11b2-8080-808080808080], partition=Optional[2], fullTopicName=tb_core.2, myPartition=true), TopicPartitionInfo(topic=tb_core, tenantId=Optional[13814000-1dd2-11b2-8080-808080808080], partition=Optional[0], fullTopicName=tb_core.0, myPartition=true), TopicPartitionInfo(topic=tb_core, tenantId=Optional[13814000-1dd2-11b2-8080-808080808080], partition=Optional[9], fullTopicName=tb_core.9, myPartition=true), TopicPartitionInfo(topic=tb_core, tenantId=Optional[13814000-1dd2-11b2-8080-808080808080], partition=Optional[7], fullTopicName=tb_core.7, myPartition=true), TopicPartitionInfo(topic=tb_core, tenantId=Optional[13814000-1dd2-11b2-8080-808080808080], partition=Optional[8], fullTopicName=tb_core.8, myPartition=true)]
2025-03-06 19:31:29,250 [api-usage-scheduled-19-thread-1] INFO  o.t.s.s.p.AbstractPartitionBasedService - [API Usage] REMOVED PARTITIONS: []
2025-03-06 19:31:29,250 [device-state-scheduled-22-thread-1] INFO  o.t.s.s.p.AbstractPartitionBasedService - [Device State] ADDED PARTITIONS: [TopicPartitionInfo(topic=tb_core, tenantId=Optional[13814000-1dd2-11b2-8080-808080808080], partition=Optional[5], fullTopicName=tb_core.5, myPartition=true), TopicPartitionInfo(topic=tb_core, tenantId=Optional[13814000-1dd2-11b2-8080-808080808080], partition=Optional[6], fullTopicName=tb_core.6, myPartition=true), TopicPartitionInfo(topic=tb_core, tenantId=Optional[13814000-1dd2-11b2-8080-808080808080], partition=Optional[3], fullTopicName=tb_core.3, myPartition=true), TopicPartitionInfo(topic=tb_core, tenantId=Optional[13814000-1dd2-11b2-8080-808080808080], partition=Optional[4], fullTopicName=tb_core.4, myPartition=true), TopicPartitionInfo(topic=tb_core, tenantId=Optional[13814000-1dd2-11b2-8080-808080808080], partition=Optional[1], fullTopicName=tb_core.1, myPartition=true), TopicPartitionInfo(topic=tb_core, tenantId=Optional[13814000-1dd2-11b2-8080-808080808080], partition=Optional[2], fullTopicName=tb_core.2, myPartition=true), TopicPartitionInfo(topic=tb_core, tenantId=Optional[13814000-1dd2-11b2-8080-808080808080], partition=Optional[0], fullTopicName=tb_core.0, myPartition=true), TopicPartitionInfo(topic=tb_core, tenantId=Optional[13814000-1dd2-11b2-8080-808080808080], partition=Optional[9], fullTopicName=tb_core.9, myPartition=true), TopicPartitionInfo(topic=tb_core, tenantId=Optional[13814000-1dd2-11b2-8080-808080808080], partition=Optional[7], fullTopicName=tb_core.7, myPartition=true), TopicPartitionInfo(topic=tb_core, tenantId=Optional[13814000-1dd2-11b2-8080-808080808080], partition=Optional[8], fullTopicName=tb_core.8, myPartition=true)]
2025-03-06 19:31:29,251 [device-state-scheduled-22-thread-1] INFO  o.t.s.s.p.AbstractPartitionBasedService - [Device State] REMOVED PARTITIONS: []
2025-03-06 19:31:29,252 [api-usage-scheduled-19-thread-1] INFO  o.t.s.s.a.DefaultTbApiUsageStateService - Initializing tenant states.
2025-03-06 19:31:29,252 [main] INFO  o.t.s.a.service.DefaultActorService - Received partition change event.
2025-03-06 19:31:29,253 [tb-edge-mgmt-0-1] INFO  o.t.s.s.q.c.MainQueueConsumerManager - [QK(Edge,TB_CORE,system)] New partitions: [tb_edge.1, tb_edge.2, tb_edge.3, tb_edge.4, tb_edge.5, tb_edge.6, tb_edge.7, tb_edge.8, tb_edge.9, tb_edge.0]
2025-03-06 19:31:29,254 [tb-edge-mgmt-0-1] INFO  o.t.s.s.q.c.MainQueueConsumerManager - [QK(Edge,TB_CORE,system)] Launching consumer
2025-03-06 19:31:29,254 [notifications-scheduler-44-thread-1] INFO  o.t.s.s.p.AbstractPartitionBasedService - [Notifications scheduler] CURRENT PARTITIONS: []
2025-03-06 19:31:29,255 [notifications-scheduler-44-thread-1] INFO  o.t.s.s.p.AbstractPartitionBasedService - [Notifications scheduler] NEW PARTITIONS: [TopicPartitionInfo(topic=tb_core, tenantId=Optional[13814000-1dd2-11b2-8080-808080808080], partition=Optional[5], fullTopicName=tb_core.5, myPartition=true), TopicPartitionInfo(topic=tb_core, tenantId=Optional[13814000-1dd2-11b2-8080-808080808080], partition=Optional[6], fullTopicName=tb_core.6, myPartition=true), TopicPartitionInfo(topic=tb_core, tenantId=Optional[13814000-1dd2-11b2-8080-808080808080], partition=Optional[3], fullTopicName=tb_core.3, myPartition=true), TopicPartitionInfo(topic=tb_core, tenantId=Optional[13814000-1dd2-11b2-8080-808080808080], partition=Optional[4], fullTopicName=tb_core.4, myPartition=true), TopicPartitionInfo(topic=tb_core, tenantId=Optional[13814000-1dd2-11b2-8080-808080808080], partition=Optional[1], fullTopicName=tb_core.1, myPartition=true), TopicPartitionInfo(topic=tb_core, tenantId=Optional[13814000-1dd2-11b2-8080-808080808080], partition=Optional[2], fullTopicName=tb_core.2, myPartition=true), TopicPartitionInfo(topic=tb_core, tenantId=Optional[13814000-1dd2-11b2-8080-808080808080], partition=Optional[0], fullTopicName=tb_core.0, myPartition=true), TopicPartitionInfo(topic=tb_core, tenantId=Optional[13814000-1dd2-11b2-8080-808080808080], partition=Optional[9], fullTopicName=tb_core.9, myPartition=true), TopicPartitionInfo(topic=tb_core, tenantId=Optional[13814000-1dd2-11b2-8080-808080808080], partition=Optional[7], fullTopicName=tb_core.7, myPartition=true), TopicPartitionInfo(topic=tb_core, tenantId=Optional[13814000-1dd2-11b2-8080-808080808080], partition=Optional[8], fullTopicName=tb_core.8, myPartition=true)]
2025-03-06 19:31:29,255 [notifications-scheduler-44-thread-1] INFO  o.t.s.s.p.AbstractPartitionBasedService - [Notifications scheduler] ADDED PARTITIONS: [TopicPartitionInfo(topic=tb_core, tenantId=Optional[13814000-1dd2-11b2-8080-808080808080], partition=Optional[5], fullTopicName=tb_core.5, myPartition=true), TopicPartitionInfo(topic=tb_core, tenantId=Optional[13814000-1dd2-11b2-8080-808080808080], partition=Optional[6], fullTopicName=tb_core.6, myPartition=true), TopicPartitionInfo(topic=tb_core, tenantId=Optional[13814000-1dd2-11b2-8080-808080808080], partition=Optional[3], fullTopicName=tb_core.3, myPartition=true), TopicPartitionInfo(topic=tb_core, tenantId=Optional[13814000-1dd2-11b2-8080-808080808080], partition=Optional[4], fullTopicName=tb_core.4, myPartition=true), TopicPartitionInfo(topic=tb_core, tenantId=Optional[13814000-1dd2-11b2-8080-808080808080], partition=Optional[1], fullTopicName=tb_core.1, myPartition=true), TopicPartitionInfo(topic=tb_core, tenantId=Optional[13814000-1dd2-11b2-8080-808080808080], partition=Optional[2], fullTopicName=tb_core.2, myPartition=true), TopicPartitionInfo(topic=tb_core, tenantId=Optional[13814000-1dd2-11b2-8080-808080808080], partition=Optional[0], fullTopicName=tb_core.0, myPartition=true), TopicPartitionInfo(topic=tb_core, tenantId=Optional[13814000-1dd2-11b2-8080-808080808080], partition=Optional[9], fullTopicName=tb_core.9, myPartition=true), TopicPartitionInfo(topic=tb_core, tenantId=Optional[13814000-1dd2-11b2-8080-808080808080], partition=Optional[7], fullTopicName=tb_core.7, myPartition=true), TopicPartitionInfo(topic=tb_core, tenantId=Optional[13814000-1dd2-11b2-8080-808080808080], partition=Optional[8], fullTopicName=tb_core.8, myPartition=true)]
2025-03-06 19:31:29,256 [notifications-scheduler-44-thread-1] INFO  o.t.s.s.p.AbstractPartitionBasedService - [Notifications scheduler] REMOVED PARTITIONS: []
2025-03-06 19:31:29,260 [main] INFO  o.t.s.q.d.HashPartitionService - Partitions changed: 
[QK(Main,TB_VC_EXECUTOR,system)] - [0, 1, 2, 3, 4, 5, 6, 7, 8, 9]
2025-03-06 19:31:29,261 [tb-core-mgmt-0-1] INFO  o.t.s.s.q.c.MainQueueConsumerManager - [QK(Main,TB_CORE,system)] Added partitions: [tb_core.5, tb_core.6, tb_core.3, tb_core.4, tb_core.1, tb_core.2, tb_core.0, tb_core.9, tb_core.7, tb_core.8], removed partitions: []
2025-03-06 19:31:29,261 [main] INFO  o.t.s.q.d.HashPartitionService - Partitions changed: 
[QK(HighPriority,TB_RULE_ENGINE,system)] - [0, 1, 2, 3, 4, 5, 6, 7, 8, 9]
[QK(SequentialByOriginator,TB_RULE_ENGINE,system)] - [0, 1, 2, 3, 4, 5, 6, 7, 8, 9]
[QK(Main,TB_RULE_ENGINE,system)] - [0, 1, 2, 3, 4, 5, 6, 7, 8, 9]
2025-03-06 19:31:29,262 [main] INFO  o.t.s.a.service.DefaultActorService - Received partition change event.
2025-03-06 19:31:29,263 [tb-core-mgmt-0-1] INFO  o.t.s.s.q.c.MainQueueConsumerManager - [QK(Main,TB_CORE,system)-5] Launching consumer
2025-03-06 19:31:29,269 [tb-core-mgmt-0-1] INFO  o.t.s.s.q.c.MainQueueConsumerManager - [QK(Main,TB_CORE,system)-6] Launching consumer
2025-03-06 19:31:29,270 [tb-core-mgmt-0-1] INFO  o.t.s.s.q.c.MainQueueConsumerManager - [QK(Main,TB_CORE,system)-3] Launching consumer
2025-03-06 19:31:29,271 [tb-rule-engine-mgmt-0-1] INFO  o.t.s.s.q.c.MainQueueConsumerManager - [QK(HighPriority,TB_RULE_ENGINE,system)] Added partitions: [tb_rule_engine.hp.9, tb_rule_engine.hp.7, tb_rule_engine.hp.8, tb_rule_engine.hp.5, tb_rule_engine.hp.6, tb_rule_engine.hp.3, tb_rule_engine.hp.4, tb_rule_engine.hp.1, tb_rule_engine.hp.2, tb_rule_engine.hp.0], removed partitions: []
2025-03-06 19:31:29,271 [tb-rule-engine-mgmt-0-1] INFO  o.t.s.s.q.c.MainQueueConsumerManager - [QK(HighPriority,TB_RULE_ENGINE,system)-9] Launching consumer
2025-03-06 19:31:29,273 [main] INFO  o.t.s.t.s.s.SnmpTransportBalancingService - Recalculating partitions for SNMP transports
2025-03-06 19:31:29,274 [main] INFO  o.t.s.t.s.s.SnmpTransportBalancingService - SNMP transports partitions have not changed
2025-03-06 19:31:29,278 [tb-rule-engine-mgmt-0-2] INFO  o.t.s.s.q.c.MainQueueConsumerManager - [QK(SequentialByOriginator,TB_RULE_ENGINE,system)] Added partitions: [tb_rule_engine.sq.9, tb_rule_engine.sq.8, tb_rule_engine.sq.7, tb_rule_engine.sq.2, tb_rule_engine.sq.1, tb_rule_engine.sq.0, tb_rule_engine.sq.6, tb_rule_engine.sq.5, tb_rule_engine.sq.4, tb_rule_engine.sq.3], removed partitions: []
2025-03-06 19:31:29,278 [tb-rule-engine-mgmt-0-3] INFO  o.t.s.s.q.c.MainQueueConsumerManager - [QK(Main,TB_RULE_ENGINE,system)] Added partitions: [tb_rule_engine.main.8, tb_rule_engine.main.9, tb_rule_engine.main.6, tb_rule_engine.main.7, tb_rule_engine.main.4, tb_rule_engine.main.5, tb_rule_engine.main.2, tb_rule_engine.main.3, tb_rule_engine.main.0, tb_rule_engine.main.1], removed partitions: []
2025-03-06 19:31:29,278 [tb-core-mgmt-0-1] INFO  o.t.s.s.q.c.MainQueueConsumerManager - [QK(Main,TB_CORE,system)-4] Launching consumer
2025-03-06 19:31:29,278 [tb-rule-engine-mgmt-0-1] INFO  o.t.s.s.q.c.MainQueueConsumerManager - [QK(HighPriority,TB_RULE_ENGINE,system)-7] Launching consumer
2025-03-06 19:31:29,278 [tb-rule-engine-mgmt-0-2] INFO  o.t.s.s.q.c.MainQueueConsumerManager - [QK(SequentialByOriginator,TB_RULE_ENGINE,system)-9] Launching consumer
2025-03-06 19:31:29,279 [tb-rule-engine-mgmt-0-3] INFO  o.t.s.s.q.c.MainQueueConsumerManager - [QK(Main,TB_RULE_ENGINE,system)-8] Launching consumer
2025-03-06 19:31:29,279 [tb-core-mgmt-0-1] INFO  o.t.s.s.q.c.MainQueueConsumerManager - [QK(Main,TB_CORE,system)-1] Launching consumer
2025-03-06 19:31:29,280 [tb-rule-engine-mgmt-0-1] INFO  o.t.s.s.q.c.MainQueueConsumerManager - [QK(HighPriority,TB_RULE_ENGINE,system)-8] Launching consumer
2025-03-06 19:31:29,280 [tb-rule-engine-mgmt-0-2] INFO  o.t.s.s.q.c.MainQueueConsumerManager - [QK(SequentialByOriginator,TB_RULE_ENGINE,system)-8] Launching consumer
2025-03-06 19:31:29,281 [tb-rule-engine-mgmt-0-3] INFO  o.t.s.s.q.c.MainQueueConsumerManager - [QK(Main,TB_RULE_ENGINE,system)-9] Launching consumer
2025-03-06 19:31:29,281 [tb-core-mgmt-0-1] INFO  o.t.s.s.q.c.MainQueueConsumerManager - [QK(Main,TB_CORE,system)-2] Launching consumer
2025-03-06 19:31:29,283 [tb-rule-engine-mgmt-0-2] INFO  o.t.s.s.q.c.MainQueueConsumerManager - [QK(SequentialByOriginator,TB_RULE_ENGINE,system)-7] Launching consumer
2025-03-06 19:31:29,283 [tb-rule-engine-mgmt-0-1] INFO  o.t.s.s.q.c.MainQueueConsumerManager - [QK(HighPriority,TB_RULE_ENGINE,system)-5] Launching consumer
2025-03-06 19:31:29,283 [tb-rule-engine-mgmt-0-3] INFO  o.t.s.s.q.c.MainQueueConsumerManager - [QK(Main,TB_RULE_ENGINE,system)-6] Launching consumer
2025-03-06 19:31:29,284 [tb-core-mgmt-0-1] INFO  o.t.s.s.q.c.MainQueueConsumerManager - [QK(Main,TB_CORE,system)-0] Launching consumer
2025-03-06 19:31:29,284 [tb-rule-engine-mgmt-0-2] INFO  o.t.s.s.q.c.MainQueueConsumerManager - [QK(SequentialByOriginator,TB_RULE_ENGINE,system)-2] Launching consumer
2025-03-06 19:31:29,285 [tb-rule-engine-mgmt-0-1] INFO  o.t.s.s.q.c.MainQueueConsumerManager - [QK(HighPriority,TB_RULE_ENGINE,system)-6] Launching consumer
2025-03-06 19:31:29,285 [tb-rule-engine-mgmt-0-3] INFO  o.t.s.s.q.c.MainQueueConsumerManager - [QK(Main,TB_RULE_ENGINE,system)-7] Launching consumer
2025-03-06 19:31:29,293 [tb-core-mgmt-0-1] INFO  o.t.s.s.q.c.MainQueueConsumerManager - [QK(Main,TB_CORE,system)-9] Launching consumer
2025-03-06 19:31:29,293 [tb-rule-engine-mgmt-0-2] INFO  o.t.s.s.q.c.MainQueueConsumerManager - [QK(SequentialByOriginator,TB_RULE_ENGINE,system)-1] Launching consumer
2025-03-06 19:31:29,293 [tb-rule-engine-mgmt-0-3] INFO  o.t.s.s.q.c.MainQueueConsumerManager - [QK(Main,TB_RULE_ENGINE,system)-4] Launching consumer
2025-03-06 19:31:29,294 [tb-rule-engine-mgmt-0-1] INFO  o.t.s.s.q.c.MainQueueConsumerManager - [QK(HighPriority,TB_RULE_ENGINE,system)-3] Launching consumer
2025-03-06 19:31:29,294 [tb-core-mgmt-0-1] INFO  o.t.s.s.q.c.MainQueueConsumerManager - [QK(Main,TB_CORE,system)-7] Launching consumer
2025-03-06 19:31:29,295 [tb-rule-engine-mgmt-0-1] INFO  o.t.s.s.q.c.MainQueueConsumerManager - [QK(HighPriority,TB_RULE_ENGINE,system)-4] Launching consumer
2025-03-06 19:31:29,294 [tb-rule-engine-mgmt-0-2] INFO  o.t.s.s.q.c.MainQueueConsumerManager - [QK(SequentialByOriginator,TB_RULE_ENGINE,system)-0] Launching consumer
2025-03-06 19:31:29,294 [tb-rule-engine-mgmt-0-3] INFO  o.t.s.s.q.c.MainQueueConsumerManager - [QK(Main,TB_RULE_ENGINE,system)-5] Launching consumer
2025-03-06 19:31:29,295 [tb-core-mgmt-0-1] INFO  o.t.s.s.q.c.MainQueueConsumerManager - [QK(Main,TB_CORE,system)-8] Launching consumer
2025-03-06 19:31:29,296 [tb-rule-engine-mgmt-0-1] INFO  o.t.s.s.q.c.MainQueueConsumerManager - [QK(HighPriority,TB_RULE_ENGINE,system)-1] Launching consumer
2025-03-06 19:31:29,303 [tb-rule-engine-mgmt-0-2] INFO  o.t.s.s.q.c.MainQueueConsumerManager - [QK(SequentialByOriginator,TB_RULE_ENGINE,system)-6] Launching consumer
2025-03-06 19:31:29,303 [tb-rule-engine-mgmt-0-3] INFO  o.t.s.s.q.c.MainQueueConsumerManager - [QK(Main,TB_RULE_ENGINE,system)-2] Launching consumer
2025-03-06 19:31:29,304 [tb-rule-engine-mgmt-0-1] INFO  o.t.s.s.q.c.MainQueueConsumerManager - [QK(HighPriority,TB_RULE_ENGINE,system)-2] Launching consumer
2025-03-06 19:31:29,305 [tb-rule-engine-mgmt-0-2] INFO  o.t.s.s.q.c.MainQueueConsumerManager - [QK(SequentialByOriginator,TB_RULE_ENGINE,system)-5] Launching consumer
2025-03-06 19:31:29,305 [tb-rule-engine-mgmt-0-3] INFO  o.t.s.s.q.c.MainQueueConsumerManager - [QK(Main,TB_RULE_ENGINE,system)-3] Launching consumer
2025-03-06 19:31:29,306 [tb-rule-engine-mgmt-0-1] INFO  o.t.s.s.q.c.MainQueueConsumerManager - [QK(HighPriority,TB_RULE_ENGINE,system)-0] Launching consumer
2025-03-06 19:31:29,310 [tb-rule-engine-mgmt-0-2] INFO  o.t.s.s.q.c.MainQueueConsumerManager - [QK(SequentialByOriginator,TB_RULE_ENGINE,system)-4] Launching consumer
2025-03-06 19:31:29,313 [tb-rule-engine-mgmt-0-3] INFO  o.t.s.s.q.c.MainQueueConsumerManager - [QK(Main,TB_RULE_ENGINE,system)-0] Launching consumer
2025-03-06 19:31:29,313 [tb-rule-engine-mgmt-0-2] INFO  o.t.s.s.q.c.MainQueueConsumerManager - [QK(SequentialByOriginator,TB_RULE_ENGINE,system)-3] Launching consumer
2025-03-06 19:31:29,314 [tb-rule-engine-mgmt-0-3] INFO  o.t.s.s.q.c.MainQueueConsumerManager - [QK(Main,TB_RULE_ENGINE,system)-1] Launching consumer
2025-03-06 19:31:29,471 [main] INFO  o.t.s.a.service.DefaultActorService - Received application ready event. Sending application init message to actor system
2025-03-06 19:31:29,472 [app-dispatcher-38-thread-1] INFO  o.t.server.actors.app.AppActor - Starting main system actor.
2025-03-06 19:31:29,472 [main] INFO  o.t.s.q.c.c.QueueConsumerManager - [TB Core Notifications] Launching consumer
2025-03-06 19:31:29,473 [main] INFO  o.t.s.s.t.TbCoreTransportApiService - Received application ready event. Starting polling for events.
2025-03-06 19:31:29,477 [main] INFO  o.t.s.q.c.c.QueueConsumerManager - [Housekeeper] Launching consumer
2025-03-06 19:31:29,478 [main] INFO  o.t.s.q.c.c.QueueConsumerManager - [TB Core Notifications] Launching consumer
2025-03-06 19:31:29,478 [main] INFO  o.t.s.q.c.c.QueueConsumerManager - [TB Ota Package States] Launching consumer
2025-03-06 19:31:29,479 [app-dispatcher-38-thread-1] INFO  o.t.server.actors.app.AppActor - Main system actor started.
2025-03-06 19:31:29,480 [notifications-tb-core-consumer-54-thread-11] INFO  o.t.s.s.q.DefaultTbCoreConsumerService - [1f162169a137] Processing core startup with partitions: [0, 1, 2, 3, 4, 5, 6, 7, 8, 9]
2025-03-06 19:31:29,480 [main] INFO  o.t.s.q.c.c.QueueConsumerManager - [TB Usage Stats] Launching consumer
2025-03-06 19:31:29,483 [DefaultTbLocalSubscriptionService-0-1] INFO  o.t.s.s.s.DefaultTbLocalSubscriptionService - [1f162169a137] Pushed 0 subscriptions to [1f162169a137]
2025-03-06 19:31:29,484 [main] INFO  o.t.s.q.c.c.QueueConsumerManager - [Housekeeper reprocessing] Launching consumer
2025-03-06 19:31:29,485 [main] INFO  o.t.s.q.c.c.QueueConsumerManager - [TB Rule Engine Notifications] Launching consumer
2025-03-06 19:31:29,488 [main] INFO  o.t.s.q.c.c.QueueConsumerManager - [TB Transport] Launching consumer
2025-03-06 19:31:29,512 [main] INFO  o.e.c.c.network.RandomTokenGenerator - using tokens of 8 bytes in length
2025-03-06 19:31:29,512 [main] INFO  o.e.c.core.network.CoapEndpoint - [LWM2M Server-coap://0.0.0.0:5685] CoapEndpoint uses udp context
2025-03-06 19:31:29,513 [main] INFO  o.e.c.c.network.stack.BlockwiseLayer - [LWM2M Server-coap://0.0.0.0:5685] BlockwiseLayer uses MAX_MESSAGE_SIZE=1024, PREFERRED_BLOCK_SIZE=1024, BLOCKWISE_STATUS_LIFETIME=300000, MAX_RESOURCE_BODY_SIZE=268435456, BLOCKWISE_STRICT_BLOCK2_OPTION=true
2025-03-06 19:31:29,516 [main] INFO  o.t.s.t.l.s.DefaultLwM2mTransportService - Unable to load X509 files for LWM2MServer
2025-03-06 19:31:29,518 [main] WARN  o.e.l.s.c.e.c.CoapsServerEndpointFactory - PskStore should be automatically set by Leshan. Using a custom implementation is not advised.
2025-03-06 19:31:29,519 [main] INFO  o.e.c.s.d.InMemoryReadWriteLockConnectionStore - Created new InMemoryConnectionStore [capacity: 150000, connection expiration threshold: 1800s]
2025-03-06 19:31:29,519 [main] INFO  o.e.c.c.network.RandomTokenGenerator - using tokens of 8 bytes in length
2025-03-06 19:31:29,520 [main] INFO  o.e.c.core.network.CoapEndpoint - [LWM2M Server-coaps://0.0.0.0:5686] CoapEndpoint uses lwm2m correlation
2025-03-06 19:31:29,521 [main] INFO  o.e.c.c.network.stack.BlockwiseLayer - [LWM2M Server-coaps://0.0.0.0:5686] BlockwiseLayer uses MAX_MESSAGE_SIZE=1024, PREFERRED_BLOCK_SIZE=1024, BLOCKWISE_STATUS_LIFETIME=300000, MAX_RESOURCE_BODY_SIZE=268435456, BLOCKWISE_STRICT_BLOCK2_OPTION=true
2025-03-06 19:31:29,552 [main] INFO  o.t.s.t.l.s.DefaultLwM2mTransportService - Starting LwM2M transport server...
2025-03-06 19:31:29,553 [main] INFO  o.e.californium.core.CoapServer - Starting server
2025-03-06 19:31:29,556 [main] INFO  o.e.c.elements.UDPConnector - UDPConnector starts up 2 sender threads and 2 receiver threads
2025-03-06 19:31:29,557 [main] INFO  o.e.c.elements.UDPConnector - UDPConnector listening on /[0:0:0:0:0:0:0:0]:5685, recv buf = 106496, send buf = 106496, recv packet size = 2048
2025-03-06 19:31:29,558 [main] INFO  o.e.c.core.network.CoapEndpoint - [LWM2M Server-coap://0.0.0.0:5685] Started endpoint at coap://[0:0:0:0:0:0:0:0]:5685
2025-03-06 19:31:29,559 [main] INFO  o.e.c.scandium.DTLSConnector - multiple network interfaces, using smallest MTU [IPv4 1500, IPv6 1280]
2025-03-06 19:31:29,561 [DTLS-Receiver-0-/[0:0:0:0:0:0:0:0]:5686] INFO  o.e.c.scandium.DTLSConnector - Starting worker thread [DTLS-Receiver-0-/[0:0:0:0:0:0:0:0]:5686]
2025-03-06 19:31:29,561 [main] INFO  o.e.c.scandium.DTLSConnector - DTLSConnector listening on /[0:0:0:0:0:0:0:0]:5686, recv buf = 106496, send buf = 106496, recv packet size = 16490, MTU = IPv4 1500 / IPv6 1280
2025-03-06 19:31:29,561 [DTLS-Receiver-1-/[0:0:0:0:0:0:0:0]:5686] INFO  o.e.c.scandium.DTLSConnector - Starting worker thread [DTLS-Receiver-1-/[0:0:0:0:0:0:0:0]:5686]
2025-03-06 19:31:29,562 [main] INFO  o.e.c.core.network.CoapEndpoint - [LWM2M Server-coaps://0.0.0.0:5686] Started endpoint at coaps://[0:0:0:0:0:0:0:0]:5686
2025-03-06 19:31:29,562 [main] INFO  o.eclipse.leshan.server.LeshanServer - LWM2M server started.
2025-03-06 19:31:29,563 [main] INFO  o.eclipse.leshan.server.LeshanServer - CoAP over UDP endpoint based on Californium library available at coap://[0:0:0:0:0:0:0:0]:5685.
2025-03-06 19:31:29,563 [main] INFO  o.eclipse.leshan.server.LeshanServer - CoAP over DTLS endpoint based on Californium/Scandium library available at coaps://[0:0:0:0:0:0:0:0]:5686.
2025-03-06 19:31:29,566 [main] INFO  o.t.s.t.l.s.DefaultLwM2mTransportService - Started LwM2M transport server.
2025-03-06 19:31:29,567 [main] INFO  o.t.s.t.snmp.SnmpTransportContext - Initializing SNMP devices sessions
2025-03-06 19:31:29,608 [notifications-scheduler-44-thread-1] INFO  o.t.s.s.p.AbstractPartitionBasedService - [Notifications scheduler] Managing following partitions:
2025-03-06 19:31:29,609 [notifications-scheduler-44-thread-1] INFO  o.t.s.s.p.AbstractPartitionBasedService - [Notifications scheduler][tb_core.5]: 0 entities
2025-03-06 19:31:29,609 [notifications-scheduler-44-thread-1] INFO  o.t.s.s.p.AbstractPartitionBasedService - [Notifications scheduler][tb_core.6]: 0 entities
2025-03-06 19:31:29,610 [notifications-scheduler-44-thread-1] INFO  o.t.s.s.p.AbstractPartitionBasedService - [Notifications scheduler][tb_core.3]: 0 entities
2025-03-06 19:31:29,610 [notifications-scheduler-44-thread-1] INFO  o.t.s.s.p.AbstractPartitionBasedService - [Notifications scheduler][tb_core.4]: 0 entities
2025-03-06 19:31:29,610 [notifications-scheduler-44-thread-1] INFO  o.t.s.s.p.AbstractPartitionBasedService - [Notifications scheduler][tb_core.1]: 0 entities
2025-03-06 19:31:29,610 [notifications-scheduler-44-thread-1] INFO  o.t.s.s.p.AbstractPartitionBasedService - [Notifications scheduler][tb_core.2]: 0 entities
2025-03-06 19:31:29,611 [notifications-scheduler-44-thread-1] INFO  o.t.s.s.p.AbstractPartitionBasedService - [Notifications scheduler][tb_core.0]: 0 entities
2025-03-06 19:31:29,611 [notifications-scheduler-44-thread-1] INFO  o.t.s.s.p.AbstractPartitionBasedService - [Notifications scheduler][tb_core.9]: 0 entities
2025-03-06 19:31:29,612 [notifications-scheduler-44-thread-1] INFO  o.t.s.s.p.AbstractPartitionBasedService - [Notifications scheduler][tb_core.7]: 0 entities
2025-03-06 19:31:29,612 [notifications-scheduler-44-thread-1] INFO  o.t.s.s.p.AbstractPartitionBasedService - [Notifications scheduler][tb_core.8]: 0 entities
2025-03-06 19:31:29,662 [device-state-scheduled-22-thread-1] INFO  o.t.s.s.s.DefaultDeviceStateService - [TopicPartitionInfo(topic=tb_core, tenantId=Optional[13814000-1dd2-11b2-8080-808080808080], partition=Optional[9], fullTopicName=tb_core.9, myPartition=true)] Submit task for device states: 1
2025-03-06 19:31:29,719 [device-state-0-1] INFO  org.owasp.validator.html.Policy - Attempting to load AntiSamy policy from an input stream.
2025-03-06 19:31:29,849 [main] INFO  o.t.s.ThingsboardServerApplication - Started ThingsBoard in 23 seconds
2025-03-06 19:31:29,861 [device-state-0-1] WARN  org.owasp.validator.html.Policy - The directive "noopenerAndNoreferrerAnchors" is enabled by default, but disabled in this policy. It is recommended to leave it enabled to prevent reverse tabnabbing attacks.
2025-03-06 19:31:29,893 [DbCallbackExecutorService-0-1] INFO  o.t.s.s.p.AbstractPartitionBasedService - [API Usage] Managing following partitions:
2025-03-06 19:31:29,894 [DbCallbackExecutorService-0-1] INFO  o.t.s.s.p.AbstractPartitionBasedService - [API Usage][tb_core.5]: 0 entities
2025-03-06 19:31:29,894 [DbCallbackExecutorService-0-1] INFO  o.t.s.s.p.AbstractPartitionBasedService - [API Usage][tb_core.6]: 0 entities
2025-03-06 19:31:29,894 [DbCallbackExecutorService-0-1] INFO  o.t.s.s.p.AbstractPartitionBasedService - [API Usage][tb_core.3]: 1 entities
2025-03-06 19:31:29,895 [DbCallbackExecutorService-0-1] INFO  o.t.s.s.p.AbstractPartitionBasedService - [API Usage][tb_core.4]: 0 entities
2025-03-06 19:31:29,895 [DbCallbackExecutorService-0-1] INFO  o.t.s.s.p.AbstractPartitionBasedService - [API Usage][tb_core.1]: 0 entities
2025-03-06 19:31:29,895 [DbCallbackExecutorService-0-1] INFO  o.t.s.s.p.AbstractPartitionBasedService - [API Usage][tb_core.2]: 0 entities
2025-03-06 19:31:29,896 [DbCallbackExecutorService-0-1] INFO  o.t.s.s.p.AbstractPartitionBasedService - [API Usage][tb_core.0]: 0 entities
2025-03-06 19:31:29,896 [DbCallbackExecutorService-0-1] INFO  o.t.s.s.p.AbstractPartitionBasedService - [API Usage][tb_core.9]: 0 entities
2025-03-06 19:31:29,897 [DbCallbackExecutorService-0-1] INFO  o.t.s.s.p.AbstractPartitionBasedService - [API Usage][tb_core.7]: 0 entities
2025-03-06 19:31:29,897 [DbCallbackExecutorService-0-1] INFO  o.t.s.s.p.AbstractPartitionBasedService - [API Usage][tb_core.8]: 0 entities
2025-03-06 19:31:30,197 [device-state-0-1] INFO  o.t.s.s.s.DefaultDeviceStateService - [9] Initialized 1 out of 1 device states
2025-03-06 19:31:30,203 [device-state-0-1] INFO  o.t.s.s.p.AbstractPartitionBasedService - [Device State] Managing following partitions:
2025-03-06 19:31:30,204 [device-state-0-1] INFO  o.t.s.s.p.AbstractPartitionBasedService - [Device State][tb_core.5]: 0 entities
2025-03-06 19:31:30,210 [device-state-0-1] INFO  o.t.s.s.p.AbstractPartitionBasedService - [Device State][tb_core.6]: 0 entities
2025-03-06 19:31:30,212 [device-state-0-1] INFO  o.t.s.s.p.AbstractPartitionBasedService - [Device State][tb_core.3]: 0 entities
2025-03-06 19:31:30,216 [device-state-0-1] INFO  o.t.s.s.p.AbstractPartitionBasedService - [Device State][tb_core.4]: 0 entities
2025-03-06 19:31:30,220 [device-state-0-1] INFO  o.t.s.s.p.AbstractPartitionBasedService - [Device State][tb_core.1]: 0 entities
2025-03-06 19:31:30,221 [device-state-0-1] INFO  o.t.s.s.p.AbstractPartitionBasedService - [Device State][tb_core.2]: 0 entities
2025-03-06 19:31:30,222 [device-state-0-1] INFO  o.t.s.s.p.AbstractPartitionBasedService - [Device State][tb_core.0]: 0 entities
2025-03-06 19:31:30,222 [device-state-0-1] INFO  o.t.s.s.p.AbstractPartitionBasedService - [Device State][tb_core.9]: 1 entities
2025-03-06 19:31:30,223 [device-state-0-1] INFO  o.t.s.s.p.AbstractPartitionBasedService - [Device State][tb_core.7]: 0 entities
2025-03-06 19:31:30,223 [device-state-0-1] INFO  o.t.s.s.p.AbstractPartitionBasedService - [Device State][tb_core.8]: 0 entities
2025-03-06 19:31:30,234 [rule-dispatcher-0-3] INFO  o.t.s.d.s.i.s.SqlPartitioningRepository - Saving partition 1741219200000-1741824000000 for table lc_event
2025-03-06 19:31:30,582 [sql-log-1-thread-1] INFO  o.t.s.dao.sql.TbSqlBlockingQueue - Queue-0 [Attributes] queueSize [0] totalAdded [2] totalSaved [2] totalFailed [0]
2025-03-06 19:31:30,628 [rule-dispatcher-0-5] INFO  c.d.oss.driver.api.core.uuid.Uuids - PID obtained through JMX: 22
2025-03-06 19:31:30,634 [tb-rule-engine-consumer-60-thread-7 | QK(Main,TB_RULE_ENGINE,system)-9] INFO  o.t.s.s.q.r.TbRuleEngineQueueConsumerManager - [QK(Main,TB_RULE_ENGINE,system)] Failed to process [1] messages
2025-03-06 19:31:30,636 [tb-rule-engine-consumer-60-thread-7 | QK(Main,TB_RULE_ENGINE,system)-9] INFO  o.t.s.s.q.r.TbRuleEngineQueueConsumerManager - [56c871f0-f9f7-11ef-a087-d5dfd40a9d59] Failed to process message: TbMsg(queueName=Main, id=967c7375-14bc-46dc-93b7-4f03c2eef0ac, ts=1741289489971, type=INACTIVITY_EVENT, internalType=INACTIVITY_EVENT, originator=7acbb1b0-f9f8-11ef-a321-6b0029c7b9bb, customerId=null, metaData=TbMsgMetaData(data={deviceType=default, scope=SERVER_SCOPE, deviceLabel=, deviceName=Culture Imager}), dataType=JSON, data={"active":false,"lastConnectTime":1741205071296,"lastActivityTime":1741205073304,"lastDisconnectTime":1741205073314,"lastInactivityAlarmTime":1741289489703,"inactivityTimeout":600000}, ruleChainId=null, ruleNodeId=null, correlationId=null, partition=null, ctx=org.thingsboard.server.common.msg.TbMsgProcessingCtx@242297c9, callback=org.thingsboard.server.common.msg.queue.TbMsgCallback$1@1326172), Last Rule Node: [RuleChain: Culture Imager Rule Chain|RuleNode: Save Timeseries(c2d741a0-f9f7-11ef-a321-6b0029c7b9bb)]
2025-03-06 19:31:30,885 [sql-log-1-thread-1] INFO  o.t.s.dao.sql.TbSqlBlockingQueue - Queue-0 [TS] queueSize [0] totalAdded [7] totalSaved [7] totalFailed [0]
2025-03-06 19:31:30,909 [sql-log-1-thread-1] INFO  o.t.s.dao.sql.TbSqlBlockingQueue - Queue-0 [TS Latest] queueSize [0] totalAdded [7] totalSaved [7] totalFailed [0]
2025-03-06 19:31:37,968 [sql-log-1-thread-1] INFO  o.t.s.dao.sql.TbSqlBlockingQueue - Queue-0 [Events] queueSize [0] totalAdded [1] totalSaved [1] totalFailed [0]
2025-03-06 19:31:37,969 [sql-log-1-thread-1] INFO  o.t.s.dao.sql.TbSqlBlockingQueue - Queue-1 [Events] queueSize [0] totalAdded [3] totalSaved [3] totalFailed [0]
2025-03-06 19:31:37,970 [sql-log-1-thread-1] INFO  o.t.s.dao.sql.TbSqlBlockingQueue - Queue-2 [Events] queueSize [0] totalAdded [5] totalSaved [5] totalFailed [0]
2025-03-06 19:31:40,882 [sql-log-1-thread-1] INFO  o.t.s.dao.sql.TbSqlBlockingQueue - Queue-0 [TS] queueSize [0] totalAdded [2] totalSaved [2] totalFailed [0]
2025-03-06 19:31:40,883 [sql-log-1-thread-1] INFO  o.t.s.dao.sql.TbSqlBlockingQueue - Queue-1 [TS] queueSize [0] totalAdded [2] totalSaved [2] totalFailed [0]
2025-03-06 19:31:40,907 [sql-log-1-thread-1] INFO  o.t.s.dao.sql.TbSqlBlockingQueue - Queue-0 [TS Latest] queueSize [0] totalAdded [2] totalSaved [2] totalFailed [0]
2025-03-06 19:31:40,908 [sql-log-1-thread-1] INFO  o.t.s.dao.sql.TbSqlBlockingQueue - Queue-1 [TS Latest] queueSize [0] totalAdded [2] totalSaved [2] totalFailed [0]
2025-03-06 19:32:29,174 [TB-Scheduling-5] INFO  o.t.s.dao.aspect.SqlDaoCallsAspect - Total timing statistics below:
2025-03-06 19:32:29,177 [TB-Scheduling-5] INFO  o.t.s.dao.aspect.SqlDaoCallsAspect - [56c871f0-f9f7-11ef-a087-d5dfd40a9d59]: calls: 27, failures: 0, exec time: 1327 
2025-03-06 19:32:29,178 [TB-Scheduling-5] INFO  o.t.s.dao.aspect.SqlDaoCallsAspect - [56c871f0-f9f7-11ef-a087-d5dfd40a9d59] Top 3 methods by timing:
2025-03-06 19:32:29,178 [TB-Scheduling-5] INFO  o.t.s.dao.aspect.SqlDaoCallsAspect - [56c871f0-f9f7-11ef-a087-d5dfd40a9d59]: method: JpaAbstractDao.findById(..), calls: 20, failures: 0, exec time: 674
2025-03-06 19:32:29,179 [TB-Scheduling-5] INFO  o.t.s.dao.aspect.SqlDaoCallsAspect - [56c871f0-f9f7-11ef-a087-d5dfd40a9d59]: method: JpaApiUsageStateDao.findApiUsageStateByEntityId(..), calls: 2, failures: 0, exec time: 365
2025-03-06 19:32:29,179 [TB-Scheduling-5] INFO  o.t.s.dao.aspect.SqlDaoCallsAspect - [56c871f0-f9f7-11ef-a087-d5dfd40a9d59]: method: JpaNotificationRuleDao.findByTenantIdAndTriggerTypeAndEnabled(..), calls: 2, failures: 0, exec time: 153
2025-03-06 19:32:29,180 [TB-Scheduling-8] INFO  o.t.s.c.t.s.DefaultTransportService - Transport Stats: openConnections [0]
2025-03-06 19:32:29,181 [TB-Scheduling-8] INFO  o.t.s.s.queue.TbCoreConsumerStats - Core Stats: totalMsgs = [1] sessionEvents = [0] getAttr = [0] subToAttr = [0] subToRpc = [0] toDevRpc = [0] subInfo = [0] claimDevice = [0] deviceState = [0] subMsgs = [0] deviceConnect = [0] deviceActivity = [0] deviceDisconnect = [0] deviceInactivity = [0] coreNfOther = [1] coreNfCompLfcl = [0] coreNfDevRpcRsp = [0] coreNfNfRlProc = [0] coreNfQueueUpd = [0] coreNfQueueDel = [0] coreNfSubSvc = [0] coreNfSubMgr = [0] coreNfVCRsp = [0] 
2025-03-06 19:32:29,182 [TB-Scheduling-2] INFO  o.t.s.s.q.TbRuleEngineConsumerStats - [Main] Stats: totalMsgs = [1] successfulMsgs = [0] timeoutMsgs = [0] failedMsgs = [1] tmpTimeout = [0] tmpFailed = [0] successfulIterations = [0] failedIterations = [1] 
2025-03-06 19:32:30,880 [sql-log-1-thread-1] INFO  o.t.s.dao.sql.TbSqlBlockingQueue - Queue-1 [TS] queueSize [0] totalAdded [7] totalSaved [7] totalFailed [0]
2025-03-06 19:32:30,906 [sql-log-1-thread-1] INFO  o.t.s.dao.sql.TbSqlBlockingQueue - Queue-1 [TS Latest] queueSize [0] totalAdded [7] totalSaved [7] totalFailed [0]
2025-03-06 19:32:40,879 [sql-log-1-thread-1] INFO  o.t.s.dao.sql.TbSqlBlockingQueue - Queue-0 [TS] queueSize [0] totalAdded [9] totalSaved [9] totalFailed [0]
2025-03-06 19:32:40,880 [sql-log-1-thread-1] INFO  o.t.s.dao.sql.TbSqlBlockingQueue - Queue-1 [TS] queueSize [0] totalAdded [2] totalSaved [2] totalFailed [0]
2025-03-06 19:32:40,904 [sql-log-1-thread-1] INFO  o.t.s.dao.sql.TbSqlBlockingQueue - Queue-0 [TS Latest] queueSize [0] totalAdded [9] totalSaved [9] totalFailed [0]
2025-03-06 19:32:40,905 [sql-log-1-thread-1] INFO  o.t.s.dao.sql.TbSqlBlockingQueue - Queue-1 [TS Latest] queueSize [0] totalAdded [2] totalSaved [2] totalFailed [0]
2025-03-06 19:32:49,958 [tb-rule-engine-consumer-60-thread-7 | QK(Main,TB_RULE_ENGINE,system)-9] INFO  o.t.s.s.q.r.TbRuleEngineQueueConsumerManager - [QK(Main,TB_RULE_ENGINE,system)] Failed to process [2] messages
2025-03-06 19:32:49,959 [tb-rule-engine-consumer-60-thread-7 | QK(Main,TB_RULE_ENGINE,system)-9] INFO  o.t.s.s.q.r.TbRuleEngineQueueConsumerManager - [56c871f0-f9f7-11ef-a087-d5dfd40a9d59] Failed to process message: TbMsg(queueName=Main, id=f3b350fd-c38a-4620-92ad-7359d9750910, ts=1741289569423, type=ACTIVITY_EVENT, internalType=ACTIVITY_EVENT, originator=7acbb1b0-f9f8-11ef-a321-6b0029c7b9bb, customerId=null, metaData=TbMsgMetaData(data={deviceType=default, scope=SERVER_SCOPE, deviceLabel=, deviceName=Culture Imager}), dataType=JSON, data={"active":true,"lastConnectTime":1741289569418,"lastActivityTime":1741289569421,"lastDisconnectTime":1741205073314,"lastInactivityAlarmTime":1741289489703,"inactivityTimeout":600000}, ruleChainId=null, ruleNodeId=null, correlationId=null, partition=null, ctx=org.thingsboard.server.common.msg.TbMsgProcessingCtx@86c9aa3, callback=org.thingsboard.server.common.msg.queue.TbMsgCallback$1@1326172), Last Rule Node: [RuleChain: Culture Imager Rule Chain|RuleNode: Save Timeseries(c2d741a0-f9f7-11ef-a321-6b0029c7b9bb)]
2025-03-06 19:32:49,964 [tb-rule-engine-consumer-60-thread-7 | QK(Main,TB_RULE_ENGINE,system)-9] INFO  o.t.s.s.q.r.TbRuleEngineQueueConsumerManager - [QK(Main,TB_RULE_ENGINE,system)] Failed to process [1] messages
2025-03-06 19:32:49,965 [tb-rule-engine-consumer-60-thread-7 | QK(Main,TB_RULE_ENGINE,system)-9] INFO  o.t.s.s.q.r.TbRuleEngineQueueConsumerManager - [56c871f0-f9f7-11ef-a087-d5dfd40a9d59] Failed to process message: TbMsg(queueName=Main, id=4ed72ef9-c721-40e8-ad90-8d702a681a09, ts=1741289569777, type=ALARM_CLEAR, internalType=ALARM_CLEAR, originator=7acbb1b0-f9f8-11ef-a321-6b0029c7b9bb, customerId=null, metaData=TbMsgMetaData(data={ruleNodeId=c2d87a20-f9f7-11ef-a321-6b0029c7b9bb}), dataType=JSON, data={"id":{"entityType":"ALARM","id":"d13a155b-c01d-48e9-89eb-777e97f25681"},"createdTime":1741205071415,"tenantId":{"entityType":"TENANT","id":"56c871f0-f9f7-11ef-a087-d5dfd40a9d59"},"customerId":null,"type":"Culture in Low Health","originator":{"entityType":"DEVICE","id":"7acbb1b0-f9f8-11ef-a321-6b0029c7b9bb"},"severity":"CRITICAL","acknowledged":false,"cleared":true,"assigneeId":null,"startTs":1741205071279,"endTs":1741205071279,"ackTs":0,"clearTs":1741289569680,"assignTs":0,"propagate":false,"propagateToOwner":false,"propagateToTenant":false,"propagateRelationTypes":[],"originatorName":"Culture Imager","originatorLabel":"Culture Imager","assignee":null,"name":"Culture in Low Health","status":"CLEARED_UNACK","details":{}}, ruleChainId=null, ruleNodeId=null, correlationId=null, partition=null, ctx=org.thingsboard.server.common.msg.TbMsgProcessingCtx@e79a69a, callback=org.thingsboard.server.common.msg.queue.TbMsgCallback$1@1326172), Last Rule Node: [RuleChain: Culture Imager Rule Chain|RuleNode: Save Timeseries(c2d741a0-f9f7-11ef-a321-6b0029c7b9bb)]
2025-03-06 19:32:50,024 [NotificationExecutorService-0-2] INFO  o.t.s.d.s.i.s.SqlPartitioningRepository - Saving partition 1741219200000-1741824000000 for table notification
2025-03-06 19:32:50,090 [NotificationExecutorService-0-2] INFO  o.t.s.s.n.DefaultNotificationCenter - [56c871f0-f9f7-11ef-a087-d5dfd40a9d59][ca2ca3d0-fac1-11ef-96fc-c74c41b01fd7] Notification request processing finished in 134 ms (sent: 1)
2025-03-06 19:32:50,577 [sql-log-1-thread-1] INFO  o.t.s.dao.sql.TbSqlBlockingQueue - Queue-0 [Attributes] queueSize [0] totalAdded [3] totalSaved [3] totalFailed [0]
2025-03-06 19:32:50,878 [sql-log-1-thread-1] INFO  o.t.s.dao.sql.TbSqlBlockingQueue - Queue-0 [TS] queueSize [0] totalAdded [6] totalSaved [6] totalFailed [0]
2025-03-06 19:32:50,904 [sql-log-1-thread-1] INFO  o.t.s.dao.sql.TbSqlBlockingQueue - Queue-0 [TS Latest] queueSize [0] totalAdded [6] totalSaved [6] totalFailed [0]
2025-03-06 19:32:59,181 [TB-Scheduling-4] INFO  o.t.server.actors.ActorSystemContext - Rule Engine JS Invoke Stats: requests [3] responses [3] failures [0]
2025-03-06 19:33:00,577 [sql-log-1-thread-1] INFO  o.t.s.dao.sql.TbSqlBlockingQueue - Queue-0 [Attributes] queueSize [0] totalAdded [2] totalSaved [2] totalFailed [0]
2025-03-06 19:33:00,878 [sql-log-1-thread-1] INFO  o.t.s.dao.sql.TbSqlBlockingQueue - Queue-0 [TS] queueSize [0] totalAdded [22] totalSaved [22] totalFailed [0]
2025-03-06 19:33:00,879 [sql-log-1-thread-1] INFO  o.t.s.dao.sql.TbSqlBlockingQueue - Queue-1 [TS] queueSize [0] totalAdded [10] totalSaved [10] totalFailed [0]
2025-03-06 19:33:00,904 [sql-log-1-thread-1] INFO  o.t.s.dao.sql.TbSqlBlockingQueue - Queue-0 [TS Latest] queueSize [0] totalAdded [22] totalSaved [22] totalFailed [0]
2025-03-06 19:33:00,905 [sql-log-1-thread-1] INFO  o.t.s.dao.sql.TbSqlBlockingQueue - Queue-1 [TS Latest] queueSize [0] totalAdded [10] totalSaved [10] totalFailed [0]
2025-03-06 19:33:04,318 [NotificationExecutorService-0-2] INFO  o.t.s.s.n.DefaultNotificationCenter - [56c871f0-f9f7-11ef-a087-d5dfd40a9d59][d2be1740-fac1-11ef-96fc-c74c41b01fd7] Notification request processing finished in 6 ms (sent: 1)
2025-03-06 19:33:04,408 [tb-rule-engine-consumer-60-thread-7 | QK(Main,TB_RULE_ENGINE,system)-9] INFO  o.t.s.s.q.r.TbRuleEngineQueueConsumerManager - [QK(Main,TB_RULE_ENGINE,system)] Failed to process [1] messages
2025-03-06 19:33:04,408 [tb-rule-engine-consumer-60-thread-7 | QK(Main,TB_RULE_ENGINE,system)-9] INFO  o.t.s.s.q.r.TbRuleEngineQueueConsumerManager - [56c871f0-f9f7-11ef-a087-d5dfd40a9d59] Failed to process message: TbMsg(queueName=Main, id=d486c0ee-ae17-4ee2-9cbd-e44765c1b20c, ts=1741289584303, type=ENTITY_CREATED, internalType=ENTITY_CREATED, originator=7acbb1b0-f9f8-11ef-a321-6b0029c7b9bb, customerId=null, metaData=TbMsgMetaData(data={ruleNodeId=c2d82c00-f9f7-11ef-a321-6b0029c7b9bb}), dataType=JSON, data={"id":{"entityType":"ALARM","id":"63b887be-5cda-4c82-a378-bb27149d6017"},"createdTime":1741289584237,"tenantId":{"entityType":"TENANT","id":"56c871f0-f9f7-11ef-a087-d5dfd40a9d59"},"customerId":null,"type":"Culture in Low Health","originator":{"entityType":"DEVICE","id":"7acbb1b0-f9f8-11ef-a321-6b0029c7b9bb"},"severity":"CRITICAL","acknowledged":false,"cleared":false,"assigneeId":null,"startTs":1741289584163,"endTs":1741289584163,"ackTs":0,"clearTs":0,"assignTs":0,"propagate":false,"propagateToOwner":false,"propagateToTenant":false,"propagateRelationTypes":[],"originatorName":"Culture Imager","originatorLabel":"Culture Imager","assignee":null,"name":"Culture in Low Health","status":"ACTIVE_UNACK","details":{}}, ruleChainId=null, ruleNodeId=null, correlationId=null, partition=null, ctx=org.thingsboard.server.common.msg.TbMsgProcessingCtx@774d6b91, callback=org.thingsboard.server.common.msg.queue.TbMsgCallback$1@1326172), Last Rule Node: [RuleChain: Culture Imager Rule Chain|RuleNode: Save Timeseries(c2d741a0-f9f7-11ef-a321-6b0029c7b9bb)]
2025-03-06 19:33:09,181 [TB-Scheduling-6] INFO  o.t.server.actors.ActorSystemContext - Rule Engine JS Invoke Stats: requests [3] responses [3] failures [0]
2025-03-06 19:33:09,239 [tb-rule-engine-consumer-60-thread-7 | QK(Main,TB_RULE_ENGINE,system)-9] INFO  o.t.s.s.q.r.TbRuleEngineQueueConsumerManager - [QK(Main,TB_RULE_ENGINE,system)] Failed to process [1] messages
2025-03-06 19:33:09,241 [tb-rule-engine-consumer-60-thread-7 | QK(Main,TB_RULE_ENGINE,system)-9] INFO  o.t.s.s.q.r.TbRuleEngineQueueConsumerManager - [56c871f0-f9f7-11ef-a087-d5dfd40a9d59] Failed to process message: TbMsg(queueName=Main, id=c134fb7c-7c97-40ea-8854-b760618fdf32, ts=1741289589217, type=DISCONNECT_EVENT, internalType=DISCONNECT_EVENT, originator=7acbb1b0-f9f8-11ef-a321-6b0029c7b9bb, customerId=null, metaData=TbMsgMetaData(data={deviceType=default, scope=SERVER_SCOPE, deviceLabel=, deviceName=Culture Imager}), dataType=JSON, data={"active":true,"lastConnectTime":1741289569418,"lastActivityTime":1741289584163,"lastDisconnectTime":1741289589214,"lastInactivityAlarmTime":1741289489703,"inactivityTimeout":600000}, ruleChainId=null, ruleNodeId=null, correlationId=null, partition=null, ctx=org.thingsboard.server.common.msg.TbMsgProcessingCtx@559f34eb, callback=org.thingsboard.server.common.msg.queue.TbMsgCallback$1@1326172), Last Rule Node: [RuleChain: Culture Imager Rule Chain|RuleNode: Save Timeseries(c2d741a0-f9f7-11ef-a321-6b0029c7b9bb)]
2025-03-06 19:33:10,575 [sql-log-1-thread-1] INFO  o.t.s.dao.sql.TbSqlBlockingQueue - Queue-0 [Attributes] queueSize [0] totalAdded [2] totalSaved [2] totalFailed [0]
2025-03-06 19:33:10,877 [sql-log-1-thread-1] INFO  o.t.s.dao.sql.TbSqlBlockingQueue - Queue-0 [TS] queueSize [0] totalAdded [16] totalSaved [16] totalFailed [0]
2025-03-06 19:33:10,878 [sql-log-1-thread-1] INFO  o.t.s.dao.sql.TbSqlBlockingQueue - Queue-1 [TS] queueSize [0] totalAdded [10] totalSaved [10] totalFailed [0]
2025-03-06 19:33:10,902 [sql-log-1-thread-1] INFO  o.t.s.dao.sql.TbSqlBlockingQueue - Queue-0 [TS Latest] queueSize [0] totalAdded [16] totalSaved [16] totalFailed [0]
2025-03-06 19:33:10,903 [sql-log-1-thread-1] INFO  o.t.s.dao.sql.TbSqlBlockingQueue - Queue-1 [TS Latest] queueSize [0] totalAdded [10] totalSaved [10] totalFailed [0]
2025-03-06 19:33:20,575 [sql-log-1-thread-1] INFO  o.t.s.dao.sql.TbSqlBlockingQueue - Queue-0 [Attributes] queueSize [0] totalAdded [1] totalSaved [1] totalFailed [0]
2025-03-06 19:33:20,877 [sql-log-1-thread-1] INFO  o.t.s.dao.sql.TbSqlBlockingQueue - Queue-0 [TS] queueSize [0] totalAdded [12] totalSaved [12] totalFailed [0]
2025-03-06 19:33:20,877 [sql-log-1-thread-1] INFO  o.t.s.dao.sql.TbSqlBlockingQueue - Queue-1 [TS] queueSize [0] totalAdded [12] totalSaved [12] totalFailed [0]
2025-03-06 19:33:20,902 [sql-log-1-thread-1] INFO  o.t.s.dao.sql.TbSqlBlockingQueue - Queue-0 [TS Latest] queueSize [0] totalAdded [12] totalSaved [12] totalFailed [0]
2025-03-06 19:33:20,903 [sql-log-1-thread-1] INFO  o.t.s.dao.sql.TbSqlBlockingQueue - Queue-1 [TS Latest] queueSize [0] totalAdded [12] totalSaved [12] totalFailed [0]
2025-03-06 19:33:29,177 [TB-Scheduling-1] INFO  o.t.s.s.queue.EdgeConsumerStats - Edge Stats: totalMsgs = [1] edgeNfs = [1] coreNfEdgeHPUpd = [0] coreNfEdgeUpd = [0] coreNfEdgeSyncReq = [0] coreNfEdgeSyncResp = [0] coreNfEdgeCompLfcl = [0] 
2025-03-06 19:33:29,177 [TB-Scheduling-7] INFO  o.t.s.dao.aspect.SqlDaoCallsAspect - Total timing statistics below:
2025-03-06 19:33:29,178 [TB-Scheduling-4] INFO  o.t.s.c.t.s.DefaultTransportService - Transport Stats: openConnections [0]
2025-03-06 19:33:29,178 [TB-Scheduling-2] INFO  o.t.s.s.queue.TbCoreConsumerStats - Core Stats: totalMsgs = [7] sessionEvents = [2] getAttr = [0] subToAttr = [0] subToRpc = [0] toDevRpc = [0] subInfo = [5] claimDevice = [0] deviceState = [0] subMsgs = [0] deviceConnect = [0] deviceActivity = [0] deviceDisconnect = [0] deviceInactivity = [0] coreNfOther = [0] coreNfCompLfcl = [0] coreNfDevRpcRsp = [0] coreNfNfRlProc = [0] coreNfQueueUpd = [0] coreNfQueueDel = [0] coreNfSubSvc = [0] coreNfSubMgr = [0] coreNfVCRsp = [0] 
2025-03-06 19:33:29,179 [TB-Scheduling-7] INFO  o.t.s.dao.aspect.SqlDaoCallsAspect - [56c871f0-f9f7-11ef-a087-d5dfd40a9d59]: calls: 28, failures: 0, exec time: 785 
2025-03-06 19:33:29,181 [TB-Scheduling-7] INFO  o.t.s.dao.aspect.SqlDaoCallsAspect - [56c871f0-f9f7-11ef-a087-d5dfd40a9d59] Top 3 methods by timing:
2025-03-06 19:33:29,181 [TB-Scheduling-7] INFO  o.t.s.dao.aspect.SqlDaoCallsAspect - [56c871f0-f9f7-11ef-a087-d5dfd40a9d59]: method: JpaAlarmDao.findLatestActiveByOriginatorAndType(..), calls: 4, failures: 0, exec time: 184
2025-03-06 19:33:29,181 [TB-Scheduling-7] INFO  o.t.s.dao.aspect.SqlDaoCallsAspect - [56c871f0-f9f7-11ef-a087-d5dfd40a9d59]: method: JpaAbstractDao.findById(..), calls: 4, failures: 0, exec time: 112
2025-03-06 19:33:29,182 [TB-Scheduling-7] INFO  o.t.s.dao.aspect.SqlDaoCallsAspect - [56c871f0-f9f7-11ef-a087-d5dfd40a9d59]: method: JpaAlarmDao.clearAlarm(..), calls: 1, failures: 0, exec time: 86
2025-03-06 19:33:29,263 [TB-Scheduling-6] INFO  o.t.s.s.q.TbRuleEngineConsumerStats - [Main] Stats: totalMsgs = [15] successfulMsgs = [10] timeoutMsgs = [0] failedMsgs = [5] tmpTimeout = [0] tmpFailed = [0] successfulIterations = [6] failedIterations = [4] 
2025-03-06 19:33:30,877 [sql-log-1-thread-1] INFO  o.t.s.dao.sql.TbSqlBlockingQueue - Queue-1 [TS] queueSize [0] totalAdded [7] totalSaved [7] totalFailed [0]
2025-03-06 19:33:30,902 [sql-log-1-thread-1] INFO  o.t.s.dao.sql.TbSqlBlockingQueue - Queue-1 [TS Latest] queueSize [0] totalAdded [7] totalSaved [7] totalFailed [0]
2025-03-06 19:33:40,875 [sql-log-1-thread-1] INFO  o.t.s.dao.sql.TbSqlBlockingQueue - Queue-0 [TS] queueSize [0] totalAdded [9] totalSaved [9] totalFailed [0]
2025-03-06 19:33:40,876 [sql-log-1-thread-1] INFO  o.t.s.dao.sql.TbSqlBlockingQueue - Queue-1 [TS] queueSize [0] totalAdded [2] totalSaved [2] totalFailed [0]
2025-03-06 19:33:40,901 [sql-log-1-thread-1] INFO  o.t.s.dao.sql.TbSqlBlockingQueue - Queue-0 [TS Latest] queueSize [0] totalAdded [9] totalSaved [9] totalFailed [0]
2025-03-06 19:33:40,902 [sql-log-1-thread-1] INFO  o.t.s.dao.sql.TbSqlBlockingQueue - Queue-1 [TS Latest] queueSize [0] totalAdded [2] totalSaved [2] totalFailed [0]
2025-03-06 19:34:29,177 [TB-Scheduling-6] INFO  o.t.s.c.t.s.DefaultTransportService - Transport Stats: openConnections [0]
2025-03-06 19:34:40,873 [sql-log-1-thread-1] INFO  o.t.s.dao.sql.TbSqlBlockingQueue - Queue-0 [TS] queueSize [0] totalAdded [9] totalSaved [9] totalFailed [0]
2025-03-06 19:34:40,873 [sql-log-1-thread-1] INFO  o.t.s.dao.sql.TbSqlBlockingQueue - Queue-1 [TS] queueSize [0] totalAdded [2] totalSaved [2] totalFailed [0]
2025-03-06 19:34:40,898 [sql-log-1-thread-1] INFO  o.t.s.dao.sql.TbSqlBlockingQueue - Queue-0 [TS Latest] queueSize [0] totalAdded [9] totalSaved [9] totalFailed [0]
2025-03-06 19:34:40,898 [sql-log-1-thread-1] INFO  o.t.s.dao.sql.TbSqlBlockingQueue - Queue-1 [TS Latest] queueSize [0] totalAdded [2] totalSaved [2] totalFailed [0]
2025-03-06 19:35:29,176 [TB-Scheduling-8] INFO  o.t.s.c.t.s.DefaultTransportService - Transport Stats: openConnections [0]
2025-03-06 19:35:40,869 [sql-log-1-thread-1] INFO  o.t.s.dao.sql.TbSqlBlockingQueue - Queue-0 [TS] queueSize [0] totalAdded [9] totalSaved [9] totalFailed [0]
2025-03-06 19:35:40,871 [sql-log-1-thread-1] INFO  o.t.s.dao.sql.TbSqlBlockingQueue - Queue-1 [TS] queueSize [0] totalAdded [2] totalSaved [2] totalFailed [0]
2025-03-06 19:35:40,895 [sql-log-1-thread-1] INFO  o.t.s.dao.sql.TbSqlBlockingQueue - Queue-0 [TS Latest] queueSize [0] totalAdded [9] totalSaved [9] totalFailed [0]
2025-03-06 19:35:40,895 [sql-log-1-thread-1] INFO  o.t.s.dao.sql.TbSqlBlockingQueue - Queue-1 [TS Latest] queueSize [0] totalAdded [2] totalSaved [2] totalFailed [0]
2025-03-06 19:36:29,175 [TB-Scheduling-3] INFO  o.t.s.c.t.s.DefaultTransportService - Transport Stats: openConnections [0]
2025-03-06 19:36:30,867 [sql-log-1-thread-1] INFO  o.t.s.dao.sql.TbSqlBlockingQueue - Queue-1 [TS] queueSize [0] totalAdded [1] totalSaved [1] totalFailed [0]
2025-03-06 19:36:30,893 [sql-log-1-thread-1] INFO  o.t.s.dao.sql.TbSqlBlockingQueue - Queue-1 [TS Latest] queueSize [0] totalAdded [1] totalSaved [1] totalFailed [0]
2025-03-06 19:36:40,866 [sql-log-1-thread-1] INFO  o.t.s.dao.sql.TbSqlBlockingQueue - Queue-0 [TS] queueSize [0] totalAdded [9] totalSaved [9] totalFailed [0]
2025-03-06 19:36:40,868 [sql-log-1-thread-1] INFO  o.t.s.dao.sql.TbSqlBlockingQueue - Queue-1 [TS] queueSize [0] totalAdded [2] totalSaved [2] totalFailed [0]
2025-03-06 19:36:40,892 [sql-log-1-thread-1] INFO  o.t.s.dao.sql.TbSqlBlockingQueue - Queue-0 [TS Latest] queueSize [0] totalAdded [9] totalSaved [9] totalFailed [0]
2025-03-06 19:36:40,893 [sql-log-1-thread-1] INFO  o.t.s.dao.sql.TbSqlBlockingQueue - Queue-1 [TS Latest] queueSize [0] totalAdded [2] totalSaved [2] totalFailed [0]
2025-03-06 19:37:29,173 [TB-Scheduling-5] INFO  o.t.s.c.t.s.DefaultTransportService - Transport Stats: openConnections [0]
2025-03-06 19:37:40,862 [sql-log-1-thread-1] INFO  o.t.s.dao.sql.TbSqlBlockingQueue - Queue-0 [TS] queueSize [0] totalAdded [9] totalSaved [9] totalFailed [0]
2025-03-06 19:37:40,864 [sql-log-1-thread-1] INFO  o.t.s.dao.sql.TbSqlBlockingQueue - Queue-1 [TS] queueSize [0] totalAdded [2] totalSaved [2] totalFailed [0]
2025-03-06 19:37:40,888 [sql-log-1-thread-1] INFO  o.t.s.dao.sql.TbSqlBlockingQueue - Queue-0 [TS Latest] queueSize [0] totalAdded [9] totalSaved [9] totalFailed [0]
2025-03-06 19:37:40,888 [sql-log-1-thread-1] INFO  o.t.s.dao.sql.TbSqlBlockingQueue - Queue-1 [TS Latest] queueSize [0] totalAdded [2] totalSaved [2] totalFailed [0]
2025-03-06 19:38:29,171 [TB-Scheduling-1] INFO  o.t.s.c.t.s.DefaultTransportService - Transport Stats: openConnections [0]
2025-03-06 19:38:40,859 [sql-log-1-thread-1] INFO  o.t.s.dao.sql.TbSqlBlockingQueue - Queue-0 [TS] queueSize [0] totalAdded [9] totalSaved [9] totalFailed [0]
2025-03-06 19:38:40,860 [sql-log-1-thread-1] INFO  o.t.s.dao.sql.TbSqlBlockingQueue - Queue-1 [TS] queueSize [0] totalAdded [2] totalSaved [2] totalFailed [0]
2025-03-06 19:38:40,885 [sql-log-1-thread-1] INFO  o.t.s.dao.sql.TbSqlBlockingQueue - Queue-0 [TS Latest] queueSize [0] totalAdded [9] totalSaved [9] totalFailed [0]
2025-03-06 19:38:40,886 [sql-log-1-thread-1] INFO  o.t.s.dao.sql.TbSqlBlockingQueue - Queue-1 [TS Latest] queueSize [0] totalAdded [2] totalSaved [2] totalFailed [0]
2025-03-06 19:39:29,169 [TB-Scheduling-7] INFO  o.t.s.c.t.s.DefaultTransportService - Transport Stats: openConnections [0]
2025-03-06 19:39:40,856 [sql-log-1-thread-1] INFO  o.t.s.dao.sql.TbSqlBlockingQueue - Queue-0 [TS] queueSize [0] totalAdded [9] totalSaved [9] totalFailed [0]
2025-03-06 19:39:40,858 [sql-log-1-thread-1] INFO  o.t.s.dao.sql.TbSqlBlockingQueue - Queue-1 [TS] queueSize [0] totalAdded [2] totalSaved [2] totalFailed [0]
2025-03-06 19:39:40,882 [sql-log-1-thread-1] INFO  o.t.s.dao.sql.TbSqlBlockingQueue - Queue-0 [TS Latest] queueSize [0] totalAdded [9] totalSaved [9] totalFailed [0]
2025-03-06 19:39:40,883 [sql-log-1-thread-1] INFO  o.t.s.dao.sql.TbSqlBlockingQueue - Queue-1 [TS Latest] queueSize [0] totalAdded [2] totalSaved [2] totalFailed [0]
2025-03-06 19:40:29,168 [TB-Scheduling-4] INFO  o.t.s.c.t.s.DefaultTransportService - Transport Stats: openConnections [0]
2025-03-06 19:40:40,853 [sql-log-1-thread-1] INFO  o.t.s.dao.sql.TbSqlBlockingQueue - Queue-0 [TS] queueSize [0] totalAdded [9] totalSaved [9] totalFailed [0]
2025-03-06 19:40:40,854 [sql-log-1-thread-1] INFO  o.t.s.dao.sql.TbSqlBlockingQueue - Queue-1 [TS] queueSize [0] totalAdded [2] totalSaved [2] totalFailed [0]
2025-03-06 19:40:40,879 [sql-log-1-thread-1] INFO  o.t.s.dao.sql.TbSqlBlockingQueue - Queue-0 [TS Latest] queueSize [0] totalAdded [9] totalSaved [9] totalFailed [0]
2025-03-06 19:40:40,881 [sql-log-1-thread-1] INFO  o.t.s.dao.sql.TbSqlBlockingQueue - Queue-1 [TS Latest] queueSize [0] totalAdded [2] totalSaved [2] totalFailed [0]
2025-03-06 19:41:11,339 [tb-rule-engine-consumer-60-thread-7 | QK(Main,TB_RULE_ENGINE,system)-9] INFO  o.t.s.s.q.r.TbRuleEngineQueueConsumerManager - [QK(Main,TB_RULE_ENGINE,system)] Failed to process [2] messages
2025-03-06 19:41:11,340 [tb-rule-engine-consumer-60-thread-7 | QK(Main,TB_RULE_ENGINE,system)-9] INFO  o.t.s.s.q.r.TbRuleEngineQueueConsumerManager - [56c871f0-f9f7-11ef-a087-d5dfd40a9d59] Failed to process message: TbMsg(queueName=Main, id=68524346-15f8-4cc8-994d-d0ed38ef1fee, ts=1741290071278, type=CONNECT_EVENT, internalType=CONNECT_EVENT, originator=7acbb1b0-f9f8-11ef-a321-6b0029c7b9bb, customerId=null, metaData=TbMsgMetaData(data={deviceType=default, scope=SERVER_SCOPE, deviceLabel=, deviceName=Culture Imager}), dataType=JSON, data={"lastConnectTime":1741290071277,"lastActivityTime":1741289589212,"lastDisconnectTime":1741289589214,"lastInactivityAlarmTime":1741289489703,"inactivityTimeout":600000}, ruleChainId=null, ruleNodeId=null, correlationId=null, partition=null, ctx=org.thingsboard.server.common.msg.TbMsgProcessingCtx@39ca0579, callback=org.thingsboard.server.common.msg.queue.TbMsgCallback$1@1326172), Last Rule Node: [RuleChain: Culture Imager Rule Chain|RuleNode: Save Timeseries(c2d741a0-f9f7-11ef-a321-6b0029c7b9bb)]
2025-03-06 19:41:16,308 [NotificationExecutorService-0-5] INFO  o.t.s.s.n.DefaultNotificationCenter - [56c871f0-f9f7-11ef-a087-d5dfd40a9d59][f7fdcea0-fac2-11ef-96fc-c74c41b01fd7] Notification request processing finished in 6 ms (sent: 1)
2025-03-06 19:41:16,400 [tb-rule-engine-consumer-60-thread-7 | QK(Main,TB_RULE_ENGINE,system)-9] INFO  o.t.s.s.q.r.TbRuleEngineQueueConsumerManager - [QK(Main,TB_RULE_ENGINE,system)] Failed to process [1] messages
2025-03-06 19:41:16,401 [tb-rule-engine-consumer-60-thread-7 | QK(Main,TB_RULE_ENGINE,system)-9] INFO  o.t.s.s.q.r.TbRuleEngineQueueConsumerManager - [56c871f0-f9f7-11ef-a087-d5dfd40a9d59] Failed to process message: TbMsg(queueName=Main, id=ba014dee-8eb3-4c45-8b22-202c7648bb3c, ts=1741290076294, type=ALARM_CLEAR, internalType=ALARM_CLEAR, originator=7acbb1b0-f9f8-11ef-a321-6b0029c7b9bb, customerId=null, metaData=TbMsgMetaData(data={ruleNodeId=c2d87a20-f9f7-11ef-a321-6b0029c7b9bb}), dataType=JSON, data={"id":{"entityType":"ALARM","id":"63b887be-5cda-4c82-a378-bb27149d6017"},"createdTime":1741289584237,"tenantId":{"entityType":"TENANT","id":"56c871f0-f9f7-11ef-a087-d5dfd40a9d59"},"customerId":null,"type":"Culture in Low Health","originator":{"entityType":"DEVICE","id":"7acbb1b0-f9f8-11ef-a321-6b0029c7b9bb"},"severity":"CRITICAL","acknowledged":false,"cleared":true,"assigneeId":null,"startTs":1741289584163,"endTs":1741290071323,"ackTs":0,"clearTs":1741290076289,"assignTs":0,"propagate":false,"propagateToOwner":false,"propagateToTenant":false,"propagateRelationTypes":[],"originatorName":"Culture Imager","originatorLabel":"Culture Imager","assignee":null,"name":"Culture in Low Health","status":"CLEARED_UNACK","details":{}}, ruleChainId=null, ruleNodeId=null, correlationId=null, partition=null, ctx=org.thingsboard.server.common.msg.TbMsgProcessingCtx@7a4429ac, callback=org.thingsboard.server.common.msg.queue.TbMsgCallback$1@1326172), Last Rule Node: [RuleChain: Culture Imager Rule Chain|RuleNode: Save Timeseries(c2d741a0-f9f7-11ef-a321-6b0029c7b9bb)]
2025-03-06 19:41:19,177 [TB-Scheduling-7] INFO  o.t.server.actors.ActorSystemContext - Rule Engine JS Invoke Stats: requests [4] responses [4] failures [0]
2025-03-06 19:41:20,550 [sql-log-1-thread-1] INFO  o.t.s.dao.sql.TbSqlBlockingQueue - Queue-0 [Attributes] queueSize [0] totalAdded [3] totalSaved [3] totalFailed [0]
2025-03-06 19:41:20,852 [sql-log-1-thread-1] INFO  o.t.s.dao.sql.TbSqlBlockingQueue - Queue-0 [TS] queueSize [0] totalAdded [22] totalSaved [22] totalFailed [0]
2025-03-06 19:41:20,853 [sql-log-1-thread-1] INFO  o.t.s.dao.sql.TbSqlBlockingQueue - Queue-1 [TS] queueSize [0] totalAdded [10] totalSaved [10] totalFailed [0]
2025-03-06 19:41:20,877 [sql-log-1-thread-1] INFO  o.t.s.dao.sql.TbSqlBlockingQueue - Queue-0 [TS Latest] queueSize [0] totalAdded [22] totalSaved [22] totalFailed [0]
2025-03-06 19:41:20,878 [sql-log-1-thread-1] INFO  o.t.s.dao.sql.TbSqlBlockingQueue - Queue-1 [TS Latest] queueSize [0] totalAdded [10] totalSaved [10] totalFailed [0]
2025-03-06 19:41:24,325 [tb-rule-engine-consumer-60-thread-7 | QK(Main,TB_RULE_ENGINE,system)-9] INFO  o.t.s.s.q.r.TbRuleEngineQueueConsumerManager - [QK(Main,TB_RULE_ENGINE,system)] Failed to process [1] messages
2025-03-06 19:41:24,326 [tb-rule-engine-consumer-60-thread-7 | QK(Main,TB_RULE_ENGINE,system)-9] INFO  o.t.s.s.q.r.TbRuleEngineQueueConsumerManager - [56c871f0-f9f7-11ef-a087-d5dfd40a9d59] Failed to process message: TbMsg(queueName=Main, id=c611f71e-2016-49f9-901b-f4aeeaf0aedc, ts=1741290084302, type=DISCONNECT_EVENT, internalType=DISCONNECT_EVENT, originator=7acbb1b0-f9f8-11ef-a321-6b0029c7b9bb, customerId=null, metaData=TbMsgMetaData(data={deviceType=default, scope=SERVER_SCOPE, deviceLabel=, deviceName=Culture Imager}), dataType=JSON, data={"active":true,"lastConnectTime":1741290071277,"lastActivityTime":1741290081258,"lastDisconnectTime":1741290084302,"lastInactivityAlarmTime":1741289489703,"inactivityTimeout":600000}, ruleChainId=null, ruleNodeId=null, correlationId=null, partition=null, ctx=org.thingsboard.server.common.msg.TbMsgProcessingCtx@6649d496, callback=org.thingsboard.server.common.msg.queue.TbMsgCallback$1@1326172), Last Rule Node: [RuleChain: Culture Imager Rule Chain|RuleNode: Save Timeseries(c2d741a0-f9f7-11ef-a321-6b0029c7b9bb)]
2025-03-06 19:41:29,156 [TB-Scheduling-1] INFO  o.t.s.s.queue.EdgeConsumerStats - Edge Stats: totalMsgs = [1] edgeNfs = [1] coreNfEdgeHPUpd = [0] coreNfEdgeUpd = [0] coreNfEdgeSyncReq = [0] coreNfEdgeSyncResp = [0] coreNfEdgeCompLfcl = [0] 
2025-03-06 19:41:29,157 [TB-Scheduling-1] INFO  o.t.s.s.queue.TbCoreConsumerStats - Core Stats: totalMsgs = [6] sessionEvents = [2] getAttr = [0] subToAttr = [0] subToRpc = [0] toDevRpc = [0] subInfo = [4] claimDevice = [0] deviceState = [0] subMsgs = [0] deviceConnect = [0] deviceActivity = [0] deviceDisconnect = [0] deviceInactivity = [0] coreNfOther = [0] coreNfCompLfcl = [0] coreNfDevRpcRsp = [0] coreNfNfRlProc = [0] coreNfQueueUpd = [0] coreNfQueueDel = [0] coreNfSubSvc = [0] coreNfSubMgr = [0] coreNfVCRsp = [0] 
2025-03-06 19:41:29,159 [TB-Scheduling-5] INFO  o.t.s.dao.aspect.SqlDaoCallsAspect - Total timing statistics below:
2025-03-06 19:41:29,160 [TB-Scheduling-5] INFO  o.t.s.dao.aspect.SqlDaoCallsAspect - [56c871f0-f9f7-11ef-a087-d5dfd40a9d59]: calls: 11, failures: 0, exec time: 21 
2025-03-06 19:41:29,160 [TB-Scheduling-5] INFO  o.t.s.dao.aspect.SqlDaoCallsAspect - [56c871f0-f9f7-11ef-a087-d5dfd40a9d59] Top 3 methods by timing:
2025-03-06 19:41:29,160 [TB-Scheduling-5] INFO  o.t.s.dao.aspect.SqlDaoCallsAspect - [56c871f0-f9f7-11ef-a087-d5dfd40a9d59]: method: JpaAlarmDao.findLatestActiveByOriginatorAndType(..), calls: 3, failures: 0, exec time: 5
2025-03-06 19:41:29,161 [TB-Scheduling-5] INFO  o.t.s.dao.aspect.SqlDaoCallsAspect - [56c871f0-f9f7-11ef-a087-d5dfd40a9d59]: method: JpaAlarmDao.clearAlarm(..), calls: 1, failures: 0, exec time: 4
2025-03-06 19:41:29,161 [TB-Scheduling-5] INFO  o.t.s.dao.aspect.SqlDaoCallsAspect - [56c871f0-f9f7-11ef-a087-d5dfd40a9d59]: method: JpaAbstractDao.findById(..), calls: 2, failures: 0, exec time: 3
2025-03-06 19:41:29,166 [TB-Scheduling-2] INFO  o.t.s.c.t.s.DefaultTransportService - Transport Stats: openConnections [0]
2025-03-06 19:41:29,178 [TB-Scheduling-8] INFO  o.t.server.actors.ActorSystemContext - Rule Engine JS Invoke Stats: requests [1] responses [1] failures [0]
2025-03-06 19:41:29,243 [TB-Scheduling-1] INFO  o.t.s.s.q.TbRuleEngineConsumerStats - [Main] Stats: totalMsgs = [11] successfulMsgs = [7] timeoutMsgs = [0] failedMsgs = [4] tmpTimeout = [0] tmpFailed = [0] successfulIterations = [5] failedIterations = [3] 
2025-03-06 19:41:30,550 [sql-log-1-thread-1] INFO  o.t.s.dao.sql.TbSqlBlockingQueue - Queue-0 [Attributes] queueSize [0] totalAdded [3] totalSaved [3] totalFailed [0]
2025-03-06 19:41:30,852 [sql-log-1-thread-1] INFO  o.t.s.dao.sql.TbSqlBlockingQueue - Queue-0 [TS] queueSize [0] totalAdded [16] totalSaved [16] totalFailed [0]
2025-03-06 19:41:30,853 [sql-log-1-thread-1] INFO  o.t.s.dao.sql.TbSqlBlockingQueue - Queue-1 [TS] queueSize [0] totalAdded [17] totalSaved [17] totalFailed [0]
2025-03-06 19:41:30,877 [sql-log-1-thread-1] INFO  o.t.s.dao.sql.TbSqlBlockingQueue - Queue-0 [TS Latest] queueSize [0] totalAdded [16] totalSaved [16] totalFailed [0]
2025-03-06 19:41:30,878 [sql-log-1-thread-1] INFO  o.t.s.dao.sql.TbSqlBlockingQueue - Queue-1 [TS Latest] queueSize [0] totalAdded [17] totalSaved [17] totalFailed [0]
2025-03-06 19:41:40,850 [sql-log-1-thread-1] INFO  o.t.s.dao.sql.TbSqlBlockingQueue - Queue-0 [TS] queueSize [0] totalAdded [9] totalSaved [9] totalFailed [0]
2025-03-06 19:41:40,851 [sql-log-1-thread-1] INFO  o.t.s.dao.sql.TbSqlBlockingQueue - Queue-1 [TS] queueSize [0] totalAdded [2] totalSaved [2] totalFailed [0]
2025-03-06 19:41:40,876 [sql-log-1-thread-1] INFO  o.t.s.dao.sql.TbSqlBlockingQueue - Queue-0 [TS Latest] queueSize [0] totalAdded [9] totalSaved [9] totalFailed [0]
2025-03-06 19:41:40,876 [sql-log-1-thread-1] INFO  o.t.s.dao.sql.TbSqlBlockingQueue - Queue-1 [TS Latest] queueSize [0] totalAdded [2] totalSaved [2] totalFailed [0]
2025-03-06 19:42:29,158 [TB-Scheduling-6] INFO  o.t.s.c.t.s.DefaultTransportService - Transport Stats: openConnections [0]
2025-03-06 19:42:40,847 [sql-log-1-thread-1] INFO  o.t.s.dao.sql.TbSqlBlockingQueue - Queue-0 [TS] queueSize [0] totalAdded [2] totalSaved [2] totalFailed [0]
2025-03-06 19:42:40,848 [sql-log-1-thread-1] INFO  o.t.s.dao.sql.TbSqlBlockingQueue - Queue-1 [TS] queueSize [0] totalAdded [2] totalSaved [2] totalFailed [0]
2025-03-06 19:42:40,872 [sql-log-1-thread-1] INFO  o.t.s.dao.sql.TbSqlBlockingQueue - Queue-0 [TS Latest] queueSize [0] totalAdded [2] totalSaved [2] totalFailed [0]
2025-03-06 19:42:40,873 [sql-log-1-thread-1] INFO  o.t.s.dao.sql.TbSqlBlockingQueue - Queue-1 [TS Latest] queueSize [0] totalAdded [2] totalSaved [2] totalFailed [0]
2025-03-06 19:42:50,847 [sql-log-1-thread-1] INFO  o.t.s.dao.sql.TbSqlBlockingQueue - Queue-0 [TS] queueSize [0] totalAdded [7] totalSaved [7] totalFailed [0]
2025-03-06 19:42:50,872 [sql-log-1-thread-1] INFO  o.t.s.dao.sql.TbSqlBlockingQueue - Queue-0 [TS Latest] queueSize [0] totalAdded [7] totalSaved [7] totalFailed [0]
2025-03-06 19:43:29,162 [TB-Scheduling-7] INFO  o.t.s.c.t.s.DefaultTransportService - Transport Stats: openConnections [0]
2025-03-06 19:43:40,844 [sql-log-1-thread-1] INFO  o.t.s.dao.sql.TbSqlBlockingQueue - Queue-0 [TS] queueSize [0] totalAdded [2] totalSaved [2] totalFailed [0]
2025-03-06 19:43:40,845 [sql-log-1-thread-1] INFO  o.t.s.dao.sql.TbSqlBlockingQueue - Queue-1 [TS] queueSize [0] totalAdded [2] totalSaved [2] totalFailed [0]
2025-03-06 19:43:40,869 [sql-log-1-thread-1] INFO  o.t.s.dao.sql.TbSqlBlockingQueue - Queue-0 [TS Latest] queueSize [0] totalAdded [2] totalSaved [2] totalFailed [0]
2025-03-06 19:43:40,870 [sql-log-1-thread-1] INFO  o.t.s.dao.sql.TbSqlBlockingQueue - Queue-1 [TS Latest] queueSize [0] totalAdded [2] totalSaved [2] totalFailed [0]
2025-03-06 19:43:50,844 [sql-log-1-thread-1] INFO  o.t.s.dao.sql.TbSqlBlockingQueue - Queue-0 [TS] queueSize [0] totalAdded [7] totalSaved [7] totalFailed [0]
2025-03-06 19:43:50,869 [sql-log-1-thread-1] INFO  o.t.s.dao.sql.TbSqlBlockingQueue - Queue-0 [TS Latest] queueSize [0] totalAdded [7] totalSaved [7] totalFailed [0]
