1740417179: mosquitto version 2.0.20 starting
1740417179: Config loaded from /mosquitto/config/mosquitto.conf.
1740417179: Opening ipv4 listen socket on port 1883.
1740417179: Opening ipv6 listen socket on port 1883.
1740417179: mosquitto version 2.0.20 running
1740417199: mosquitto version 2.0.20 terminating
1740417265: mosquitto version 2.0.20 starting
1740417265: Config loaded from /mosquitto/config/mosquitto.conf.
1740417265: Opening ipv4 listen socket on port 1883.
1740417265: Opening ipv6 listen socket on port 1883.
1740417265: mosquitto version 2.0.20 running
1740417324: mosquitto version 2.0.20 terminating
1740417347: mosquitto version 2.0.20 starting
1740417347: Config loaded from /mosquitto/config/mosquitto.conf.
1740417347: Opening ipv4 listen socket on port 1883.
1740417347: Opening ipv6 listen socket on port 1883.
1740417347: mosquitto version 2.0.20 running
1740435366: mosquitto version 2.0.20 terminating
1741203477: mosquitto version 2.0.20 starting
1741203477: Config loaded from /mosquitto/config/mosquitto.conf.
1741203477: Opening ipv4 listen socket on port 1883.
1741203477: Opening ipv6 listen socket on port 1883.
1741203477: mosquitto version 2.0.20 running
